Namespace(arch='resnet18', backend=<BackendType.Academic: 'Academic'>, batch_size=512, config_file='./configs/resnet18_w2a2_lsq.yaml', deploy=False, dist_backend='nccl', dist_url='env://', distributed=True, epochs=100, evaluate=False, gpu=0, lr=5e-05, lr_scheduler='Cosine', model_ema=False, model_ema_decay=0.99996, model_ema_force_cpu=False, model_path='./pretrained/resnet18_imagenet.pth.tar', momentum=0.9, multiprocessing_distributed=True, not_quant=False, optim='adam', out_dir='/workspace/service/outputs/00a2b1a8-316c-47d1-8db2-eb9de284ee60/resnet18_w2a2_20230729-065947', output_dir='/workspace/service/outputs/00a2b1a8-316c-47d1-8db2-eb9de284ee60', pretrained=False, print_freq=100, quant=True, quantization={'enabled': True, 'type': 'Academic', 'qparams': {'w_observer': 'LSQObserver', 'w_fakequantize': 'LearnableFakeQuantize', 'w_qscheme': {'bit': 2, 'symmetry': True, 'per_channel': False, 'pot_scale': False}, 'a_observer': 'LSQObserver', 'a_fakequantize': 'LearnableFakeQuantize', 'a_qscheme': {'bit': 2, 'symmetry': False, 'per_channel': False, 'pot_scale': False}}}, rank=0, resume=None, seed=None, start_epoch=0, train_data='/workspace/dataset/imagenet', val_data='/workspace/dataset/imagenet', weight_decay=2.5e-05, workers=4, world_size=4)
Use GPU: 0 for training
Added key: store_based_barrier_key:1 to store for rank: 0
Rank 0: Completed store-based barrier for key:store_based_barrier_key:1 with 4 nodes.
=> creating model 'resnet18'
load pretrained checkpoint from: ./pretrained/resnet18_imagenet.pth.tar
Start calibration ...
Calibrate images number = 100
Calibration ==> 1
Calibration ==> 2
Calibration ==> 3
Calibration ==> 4
Calibration ==> 5
Calibration ==> 6
Calibration ==> 7
Calibration ==> 8
Calibration ==> 9
Calibration ==> 10
End calibration.
Epoch: [0][   0/2503]	Time  7.032 ( 7.032)	Data  5.879 ( 5.879)	Loss 6.8781e+00 (6.8781e+00)	Acc@1   0.00 (  0.00)	Acc@5   0.20 (  0.20)
Reducer buckets have been rebuilt in this iteration.
Epoch: [0][ 100/2503]	Time  1.276 ( 1.300)	Data  0.000 ( 0.497)	Loss 5.2885e+00 (5.9101e+00)	Acc@1   8.20 (  3.80)	Acc@5  19.34 ( 11.60)
Epoch: [0][ 200/2503]	Time  1.477 ( 1.260)	Data  0.000 ( 0.250)	Loss 4.5729e+00 (5.3991e+00)	Acc@1  11.33 (  7.59)	Acc@5  32.03 ( 19.95)
Epoch: [0][ 300/2503]	Time  1.105 ( 1.238)	Data  0.000 ( 0.167)	Loss 4.2974e+00 (5.0429e+00)	Acc@1  19.34 ( 11.07)	Acc@5  41.99 ( 26.23)
Epoch: [0][ 400/2503]	Time  1.320 ( 1.222)	Data  0.000 ( 0.125)	Loss 3.8574e+00 (4.7726e+00)	Acc@1  23.05 ( 14.04)	Acc@5  46.68 ( 31.10)
Epoch: [0][ 500/2503]	Time  1.043 ( 1.214)	Data  0.000 ( 0.100)	Loss 3.7409e+00 (4.5556e+00)	Acc@1  27.15 ( 16.67)	Acc@5  50.78 ( 35.00)
Epoch: [0][ 600/2503]	Time  1.190 ( 1.215)	Data  0.000 ( 0.084)	Loss 3.4634e+00 (4.3750e+00)	Acc@1  31.05 ( 18.96)	Acc@5  56.45 ( 38.29)
Epoch: [0][ 700/2503]	Time  1.062 ( 1.211)	Data  0.000 ( 0.072)	Loss 3.3545e+00 (4.2215e+00)	Acc@1  31.05 ( 20.98)	Acc@5  56.05 ( 41.06)
Epoch: [0][ 800/2503]	Time  1.442 ( 1.210)	Data  0.000 ( 0.063)	Loss 3.3162e+00 (4.0911e+00)	Acc@1  32.81 ( 22.72)	Acc@5  55.66 ( 43.39)
Epoch: [0][ 900/2503]	Time  1.463 ( 1.211)	Data  0.000 ( 0.056)	Loss 2.9753e+00 (3.9761e+00)	Acc@1  39.84 ( 24.30)	Acc@5  63.09 ( 45.42)
Epoch: [0][1000/2503]	Time  1.112 ( 1.212)	Data  0.000 ( 0.050)	Loss 2.9493e+00 (3.8750e+00)	Acc@1  38.09 ( 25.70)	Acc@5  62.70 ( 47.20)
Epoch: [0][1100/2503]	Time  1.157 ( 1.212)	Data  0.000 ( 0.046)	Loss 2.8994e+00 (3.7857e+00)	Acc@1  40.82 ( 26.95)	Acc@5  64.65 ( 48.77)
Epoch: [0][1200/2503]	Time  1.111 ( 1.209)	Data  0.000 ( 0.042)	Loss 2.7843e+00 (3.7049e+00)	Acc@1  41.02 ( 28.09)	Acc@5  68.16 ( 50.18)
Epoch: [0][1300/2503]	Time  1.050 ( 1.206)	Data  0.000 ( 0.039)	Loss 2.7193e+00 (3.6322e+00)	Acc@1  42.97 ( 29.14)	Acc@5  66.41 ( 51.42)
Epoch: [0][1400/2503]	Time  1.178 ( 1.206)	Data  0.000 ( 0.036)	Loss 2.8087e+00 (3.5659e+00)	Acc@1  40.23 ( 30.12)	Acc@5  65.82 ( 52.57)
Epoch: [0][1500/2503]	Time  1.210 ( 1.207)	Data  1.016 ( 0.052)	Loss 2.4499e+00 (3.5058e+00)	Acc@1  47.07 ( 30.98)	Acc@5  71.09 ( 53.61)
Epoch: [0][1600/2503]	Time  1.590 ( 1.211)	Data  1.386 ( 0.115)	Loss 2.5009e+00 (3.4492e+00)	Acc@1  45.51 ( 31.81)	Acc@5  70.31 ( 54.57)
Epoch: [0][1700/2503]	Time  1.166 ( 1.213)	Data  0.951 ( 0.169)	Loss 2.5175e+00 (3.3975e+00)	Acc@1  45.51 ( 32.56)	Acc@5  70.51 ( 55.46)
Epoch: [0][1800/2503]	Time  1.422 ( 1.216)	Data  1.218 ( 0.220)	Loss 2.5440e+00 (3.3496e+00)	Acc@1  44.92 ( 33.28)	Acc@5  70.90 ( 56.27)
Epoch: [0][1900/2503]	Time  1.276 ( 1.221)	Data  1.074 ( 0.267)	Loss 2.5071e+00 (3.3058e+00)	Acc@1  46.68 ( 33.94)	Acc@5  70.90 ( 57.01)
Epoch: [0][2000/2503]	Time  1.250 ( 1.225)	Data  1.049 ( 0.308)	Loss 2.4434e+00 (3.2657e+00)	Acc@1  46.29 ( 34.55)	Acc@5  69.53 ( 57.68)
Epoch: [0][2100/2503]	Time  1.306 ( 1.235)	Data  1.111 ( 0.352)	Loss 2.5307e+00 (3.2276e+00)	Acc@1  43.75 ( 35.13)	Acc@5  69.92 ( 58.31)
Epoch: [0][2200/2503]	Time  1.359 ( 1.239)	Data  1.155 ( 0.387)	Loss 2.5906e+00 (3.1920e+00)	Acc@1  40.82 ( 35.67)	Acc@5  69.53 ( 58.90)
Epoch: [0][2300/2503]	Time  1.273 ( 1.243)	Data  1.083 ( 0.420)	Loss 2.5150e+00 (3.1575e+00)	Acc@1  46.68 ( 36.19)	Acc@5  71.88 ( 59.48)
Epoch: [0][2400/2503]	Time  1.371 ( 1.247)	Data  1.177 ( 0.450)	Loss 2.4035e+00 (3.1256e+00)	Acc@1  45.90 ( 36.68)	Acc@5  73.44 ( 60.02)
Epoch: [0][2500/2503]	Time  1.237 ( 1.251)	Data  0.442 ( 0.467)	Loss 2.2797e+00 (3.0959e+00)	Acc@1  49.80 ( 37.13)	Acc@5  73.24 ( 60.51)
Test: [  0/391]	Time  4.209 ( 4.209)	Loss 1.2558e+00 (1.2558e+00)	Acc@1  70.70 ( 70.70)	Acc@5  88.67 ( 88.67)
Test: [100/391]	Time  1.266 ( 1.463)	Loss 1.5684e+00 (1.8207e+00)	Acc@1  62.11 ( 55.81)	Acc@5  86.33 ( 81.98)
Test: [200/391]	Time  1.137 ( 1.431)	Loss 2.5714e+00 (1.9665e+00)	Acc@1  36.91 ( 53.49)	Acc@5  69.73 ( 79.51)
Test: [300/391]	Time  1.281 ( 1.407)	Loss 2.2461e+00 (2.1158e+00)	Acc@1  55.47 ( 51.31)	Acc@5  74.61 ( 76.96)
 * Acc@1 50.599 Acc@5 76.282
Epoch: [1][   0/2503]	Time  1.568 ( 1.568)	Data  1.364 ( 1.364)	Loss 2.0909e+00 (2.0909e+00)	Acc@1  53.12 ( 53.12)	Acc@5  76.95 ( 76.95)
Epoch: [1][ 100/2503]	Time  0.990 ( 1.060)	Data  0.459 ( 0.474)	Loss 2.1964e+00 (2.3362e+00)	Acc@1  48.05 ( 48.79)	Acc@5  74.41 ( 73.16)
Epoch: [1][ 200/2503]	Time  0.965 ( 1.064)	Data  0.770 ( 0.618)	Loss 2.2600e+00 (2.3381e+00)	Acc@1  50.20 ( 48.67)	Acc@5  75.00 ( 73.17)
Epoch: [1][ 300/2503]	Time  0.968 ( 1.075)	Data  0.776 ( 0.678)	Loss 2.4453e+00 (2.3302e+00)	Acc@1  44.53 ( 48.89)	Acc@5  70.51 ( 73.24)
Epoch: [1][ 400/2503]	Time  0.979 ( 1.079)	Data  0.000 ( 0.575)	Loss 2.5039e+00 (2.3241e+00)	Acc@1  46.68 ( 49.00)	Acc@5  71.29 ( 73.32)
Epoch: [1][ 500/2503]	Time  0.980 ( 1.071)	Data  0.000 ( 0.460)	Loss 2.3870e+00 (2.3207e+00)	Acc@1  48.44 ( 49.03)	Acc@5  71.29 ( 73.34)
Epoch: [1][ 600/2503]	Time  1.038 ( 1.076)	Data  0.842 ( 0.462)	Loss 2.2377e+00 (2.3154e+00)	Acc@1  52.15 ( 49.07)	Acc@5  72.27 ( 73.40)
Epoch: [1][ 700/2503]	Time  1.145 ( 1.075)	Data  0.936 ( 0.520)	Loss 2.1294e+00 (2.3091e+00)	Acc@1  51.95 ( 49.22)	Acc@5  77.54 ( 73.49)
Epoch: [1][ 800/2503]	Time  1.063 ( 1.078)	Data  0.863 ( 0.567)	Loss 2.2961e+00 (2.3069e+00)	Acc@1  49.80 ( 49.27)	Acc@5  71.88 ( 73.51)
Epoch: [1][ 900/2503]	Time  0.923 ( 1.078)	Data  0.728 ( 0.602)	Loss 2.3913e+00 (2.3035e+00)	Acc@1  48.05 ( 49.33)	Acc@5  71.68 ( 73.55)
Epoch: [1][1000/2503]	Time  1.070 ( 1.081)	Data  0.873 ( 0.633)	Loss 2.2829e+00 (2.2991e+00)	Acc@1  51.56 ( 49.42)	Acc@5  72.46 ( 73.60)
Epoch: [1][1100/2503]	Time  1.202 ( 1.082)	Data  1.004 ( 0.657)	Loss 2.4159e+00 (2.2951e+00)	Acc@1  49.80 ( 49.52)	Acc@5  72.85 ( 73.67)
Epoch: [1][1200/2503]	Time  1.074 ( 1.085)	Data  0.881 ( 0.679)	Loss 2.3589e+00 (2.2915e+00)	Acc@1  47.46 ( 49.59)	Acc@5  72.27 ( 73.73)
Epoch: [1][1300/2503]	Time  1.031 ( 1.086)	Data  0.834 ( 0.695)	Loss 2.2609e+00 (2.2877e+00)	Acc@1  49.61 ( 49.65)	Acc@5  75.39 ( 73.78)
Epoch: [1][1400/2503]	Time  1.340 ( 1.088)	Data  1.146 ( 0.711)	Loss 2.3372e+00 (2.2830e+00)	Acc@1  47.27 ( 49.73)	Acc@5  72.46 ( 73.85)
Epoch: [1][1500/2503]	Time  1.259 ( 1.090)	Data  1.044 ( 0.725)	Loss 2.1627e+00 (2.2787e+00)	Acc@1  50.39 ( 49.80)	Acc@5  75.98 ( 73.91)
Epoch: [1][1600/2503]	Time  0.985 ( 1.092)	Data  0.786 ( 0.737)	Loss 2.1634e+00 (2.2742e+00)	Acc@1  50.00 ( 49.88)	Acc@5  75.39 ( 73.97)
Epoch: [1][1700/2503]	Time  1.166 ( 1.096)	Data  0.968 ( 0.750)	Loss 2.0799e+00 (2.2704e+00)	Acc@1  54.69 ( 49.96)	Acc@5  76.95 ( 74.03)
Epoch: [1][1800/2503]	Time  1.317 ( 1.102)	Data  0.936 ( 0.764)	Loss 2.2046e+00 (2.2677e+00)	Acc@1  50.59 ( 50.01)	Acc@5  75.39 ( 74.05)
Epoch: [1][1900/2503]	Time  1.495 ( 1.110)	Data  1.305 ( 0.779)	Loss 2.0845e+00 (2.2633e+00)	Acc@1  53.12 ( 50.09)	Acc@5  78.71 ( 74.12)
Epoch: [1][2000/2503]	Time  1.238 ( 1.118)	Data  1.043 ( 0.794)	Loss 2.1421e+00 (2.2606e+00)	Acc@1  51.17 ( 50.14)	Acc@5  75.98 ( 74.16)
Epoch: [1][2100/2503]	Time  1.353 ( 1.131)	Data  0.000 ( 0.760)	Loss 2.3693e+00 (2.2580e+00)	Acc@1  50.00 ( 50.20)	Acc@5  71.48 ( 74.19)
Epoch: [1][2200/2503]	Time  1.107 ( 1.138)	Data  0.000 ( 0.725)	Loss 2.2142e+00 (2.2552e+00)	Acc@1  51.37 ( 50.25)	Acc@5  75.39 ( 74.23)
Epoch: [1][2300/2503]	Time  1.247 ( 1.146)	Data  0.000 ( 0.694)	Loss 2.1880e+00 (2.2524e+00)	Acc@1  50.59 ( 50.29)	Acc@5  73.63 ( 74.27)
Epoch: [1][2400/2503]	Time  1.382 ( 1.152)	Data  0.000 ( 0.665)	Loss 2.1340e+00 (2.2489e+00)	Acc@1  49.22 ( 50.35)	Acc@5  76.37 ( 74.31)
Epoch: [1][2500/2503]	Time  1.132 ( 1.156)	Data  0.000 ( 0.638)	Loss 2.1990e+00 (2.2457e+00)	Acc@1  48.83 ( 50.40)	Acc@5  72.27 ( 74.36)
Test: [  0/391]	Time  1.556 ( 1.556)	Loss 1.0701e+00 (1.0701e+00)	Acc@1  74.61 ( 74.61)	Acc@5  89.84 ( 89.84)
Test: [100/391]	Time  1.277 ( 1.382)	Loss 1.3684e+00 (1.5320e+00)	Acc@1  64.26 ( 61.67)	Acc@5  88.87 ( 85.73)
Test: [200/391]	Time  1.124 ( 1.387)	Loss 2.2644e+00 (1.6805e+00)	Acc@1  43.75 ( 59.23)	Acc@5  72.85 ( 83.40)
Test: [300/391]	Time  1.273 ( 1.374)	Loss 1.8003e+00 (1.8412e+00)	Acc@1  65.43 ( 56.78)	Acc@5  81.64 ( 80.69)
 * Acc@1 55.637 Acc@5 79.770
Epoch: [2][   0/2503]	Time  1.564 ( 1.564)	Data  1.385 ( 1.385)	Loss 2.1457e+00 (2.1457e+00)	Acc@1  53.32 ( 53.32)	Acc@5  76.95 ( 76.95)
Epoch: [2][ 100/2503]	Time  1.054 ( 1.022)	Data  0.855 ( 0.824)	Loss 2.0655e+00 (2.1469e+00)	Acc@1  56.25 ( 52.41)	Acc@5  77.15 ( 75.68)
Epoch: [2][ 200/2503]	Time  1.022 ( 1.015)	Data  0.822 ( 0.816)	Loss 2.2314e+00 (2.1412e+00)	Acc@1  50.00 ( 52.29)	Acc@5  75.20 ( 75.87)
Epoch: [2][ 300/2503]	Time  1.018 ( 1.014)	Data  0.820 ( 0.815)	Loss 2.0002e+00 (2.1420e+00)	Acc@1  56.05 ( 52.38)	Acc@5  77.93 ( 75.87)
Epoch: [2][ 400/2503]	Time  0.960 ( 1.017)	Data  0.765 ( 0.818)	Loss 2.1869e+00 (2.1427e+00)	Acc@1  51.56 ( 52.34)	Acc@5  75.20 ( 75.86)
Epoch: [2][ 500/2503]	Time  1.039 ( 1.020)	Data  0.835 ( 0.821)	Loss 2.1363e+00 (2.1404e+00)	Acc@1  51.17 ( 52.37)	Acc@5  75.39 ( 75.91)
Epoch: [2][ 600/2503]	Time  0.956 ( 1.022)	Data  0.757 ( 0.823)	Loss 2.1261e+00 (2.1397e+00)	Acc@1  52.15 ( 52.34)	Acc@5  75.00 ( 75.92)
Epoch: [2][ 700/2503]	Time  0.956 ( 1.023)	Data  0.760 ( 0.824)	Loss 2.1840e+00 (2.1373e+00)	Acc@1  54.10 ( 52.38)	Acc@5  75.39 ( 75.94)
Epoch: [2][ 800/2503]	Time  1.040 ( 1.022)	Data  0.843 ( 0.824)	Loss 2.2562e+00 (2.1363e+00)	Acc@1  50.98 ( 52.40)	Acc@5  73.24 ( 75.94)
Epoch: [2][ 900/2503]	Time  0.946 ( 1.022)	Data  0.751 ( 0.824)	Loss 2.1796e+00 (2.1373e+00)	Acc@1  54.30 ( 52.36)	Acc@5  74.80 ( 75.92)
Epoch: [2][1000/2503]	Time  0.997 ( 1.026)	Data  0.795 ( 0.827)	Loss 2.1073e+00 (2.1369e+00)	Acc@1  53.71 ( 52.39)	Acc@5  74.61 ( 75.92)
Epoch: [2][1100/2503]	Time  1.034 ( 1.028)	Data  0.827 ( 0.830)	Loss 2.1071e+00 (2.1367e+00)	Acc@1  52.34 ( 52.39)	Acc@5  76.37 ( 75.93)
Epoch: [2][1200/2503]	Time  1.010 ( 1.032)	Data  0.807 ( 0.834)	Loss 2.1608e+00 (2.1373e+00)	Acc@1  51.95 ( 52.36)	Acc@5  75.59 ( 75.92)
Epoch: [2][1300/2503]	Time  1.223 ( 1.036)	Data  1.008 ( 0.837)	Loss 1.9988e+00 (2.1371e+00)	Acc@1  55.27 ( 52.36)	Acc@5  76.37 ( 75.91)
Epoch: [2][1400/2503]	Time  1.055 ( 1.039)	Data  0.852 ( 0.841)	Loss 2.0715e+00 (2.1359e+00)	Acc@1  56.45 ( 52.37)	Acc@5  75.39 ( 75.94)
Epoch: [2][1500/2503]	Time  1.112 ( 1.043)	Data  0.907 ( 0.844)	Loss 2.1438e+00 (2.1354e+00)	Acc@1  54.10 ( 52.38)	Acc@5  75.78 ( 75.94)
Epoch: [2][1600/2503]	Time  1.048 ( 1.048)	Data  0.850 ( 0.845)	Loss 2.0468e+00 (2.1345e+00)	Acc@1  54.10 ( 52.40)	Acc@5  75.98 ( 75.94)
Epoch: [2][1700/2503]	Time  1.240 ( 1.055)	Data  1.039 ( 0.852)	Loss 2.1169e+00 (2.1333e+00)	Acc@1  52.93 ( 52.44)	Acc@5  74.22 ( 75.95)
Epoch: [2][1800/2503]	Time  1.172 ( 1.062)	Data  0.971 ( 0.860)	Loss 2.0135e+00 (2.1328e+00)	Acc@1  54.10 ( 52.46)	Acc@5  76.76 ( 75.95)
Epoch: [2][1900/2503]	Time  1.524 ( 1.072)	Data  0.000 ( 0.853)	Loss 2.2268e+00 (2.1324e+00)	Acc@1  51.76 ( 52.46)	Acc@5  75.20 ( 75.96)
Epoch: [2][2000/2503]	Time  1.461 ( 1.082)	Data  0.000 ( 0.811)	Loss 2.0494e+00 (2.1310e+00)	Acc@1  53.91 ( 52.50)	Acc@5  77.54 ( 75.99)
Epoch: [2][2100/2503]	Time  1.416 ( 1.090)	Data  0.000 ( 0.772)	Loss 2.1623e+00 (2.1308e+00)	Acc@1  53.52 ( 52.51)	Acc@5  73.83 ( 75.98)
Epoch: [2][2200/2503]	Time  1.298 ( 1.099)	Data  0.000 ( 0.737)	Loss 2.1913e+00 (2.1299e+00)	Acc@1  55.66 ( 52.53)	Acc@5  71.88 ( 75.99)
Epoch: [2][2300/2503]	Time  1.304 ( 1.106)	Data  0.000 ( 0.705)	Loss 1.9917e+00 (2.1287e+00)	Acc@1  55.27 ( 52.55)	Acc@5  77.73 ( 76.00)
Epoch: [2][2400/2503]	Time  1.150 ( 1.111)	Data  0.000 ( 0.676)	Loss 2.2211e+00 (2.1277e+00)	Acc@1  49.22 ( 52.57)	Acc@5  74.22 ( 76.02)
Epoch: [2][2500/2503]	Time  1.398 ( 1.117)	Data  0.000 ( 0.649)	Loss 2.1918e+00 (2.1268e+00)	Acc@1  52.15 ( 52.58)	Acc@5  73.63 ( 76.02)
Test: [  0/391]	Time  1.538 ( 1.538)	Loss 1.1135e+00 (1.1135e+00)	Acc@1  76.56 ( 76.56)	Acc@5  89.45 ( 89.45)
Test: [100/391]	Time  1.252 ( 1.416)	Loss 1.3706e+00 (1.5027e+00)	Acc@1  63.87 ( 62.12)	Acc@5  87.70 ( 86.09)
Test: [200/391]	Time  1.156 ( 1.412)	Loss 2.1771e+00 (1.6571e+00)	Acc@1  48.05 ( 59.51)	Acc@5  76.76 ( 83.91)
Test: [300/391]	Time  1.301 ( 1.398)	Loss 1.7737e+00 (1.8039e+00)	Acc@1  66.41 ( 57.26)	Acc@5  80.86 ( 81.50)
 * Acc@1 56.127 Acc@5 80.512
Epoch: [3][   0/2503]	Time  1.356 ( 1.356)	Data  1.167 ( 1.167)	Loss 2.1128e+00 (2.1128e+00)	Acc@1  54.88 ( 54.88)	Acc@5  75.20 ( 75.20)
Epoch: [3][ 100/2503]	Time  1.007 ( 1.033)	Data  0.800 ( 0.833)	Loss 2.0136e+00 (2.0649e+00)	Acc@1  54.30 ( 53.86)	Acc@5  77.34 ( 76.85)
Epoch: [3][ 200/2503]	Time  1.395 ( 1.036)	Data  0.000 ( 0.641)	Loss 2.0187e+00 (2.0719e+00)	Acc@1  53.12 ( 53.57)	Acc@5  75.98 ( 76.84)
Epoch: [3][ 300/2503]	Time  1.255 ( 1.032)	Data  0.000 ( 0.433)	Loss 2.0643e+00 (2.0724e+00)	Acc@1  54.30 ( 53.61)	Acc@5  77.54 ( 76.91)
Epoch: [3][ 400/2503]	Time  0.901 ( 1.040)	Data  0.000 ( 0.325)	Loss 2.2656e+00 (2.0718e+00)	Acc@1  50.78 ( 53.56)	Acc@5  74.41 ( 76.87)
Epoch: [3][ 500/2503]	Time  1.010 ( 1.042)	Data  0.000 ( 0.260)	Loss 1.9024e+00 (2.0712e+00)	Acc@1  55.27 ( 53.51)	Acc@5  80.27 ( 76.86)
Epoch: [3][ 600/2503]	Time  1.204 ( 1.043)	Data  0.000 ( 0.217)	Loss 2.0241e+00 (2.0703e+00)	Acc@1  53.52 ( 53.56)	Acc@5  77.93 ( 76.84)
Epoch: [3][ 700/2503]	Time  1.077 ( 1.049)	Data  0.000 ( 0.186)	Loss 2.0523e+00 (2.0695e+00)	Acc@1  55.66 ( 53.56)	Acc@5  76.37 ( 76.86)
Epoch: [3][ 800/2503]	Time  1.127 ( 1.066)	Data  0.000 ( 0.163)	Loss 1.9706e+00 (2.0717e+00)	Acc@1  54.30 ( 53.53)	Acc@5  79.88 ( 76.82)
Epoch: [3][ 900/2503]	Time  1.012 ( 1.075)	Data  0.000 ( 0.145)	Loss 2.0543e+00 (2.0721e+00)	Acc@1  55.86 ( 53.51)	Acc@5  78.52 ( 76.80)
Epoch: [3][1000/2503]	Time  0.926 ( 1.078)	Data  0.000 ( 0.130)	Loss 2.2876e+00 (2.0711e+00)	Acc@1  51.37 ( 53.54)	Acc@5  74.61 ( 76.82)
Epoch: [3][1100/2503]	Time  1.203 ( 1.083)	Data  0.000 ( 0.119)	Loss 1.9479e+00 (2.0724e+00)	Acc@1  55.66 ( 53.50)	Acc@5  79.49 ( 76.78)
Epoch: [3][1200/2503]	Time  1.103 ( 1.085)	Data  0.000 ( 0.109)	Loss 1.9289e+00 (2.0728e+00)	Acc@1  56.25 ( 53.51)	Acc@5  77.15 ( 76.76)
Epoch: [3][1300/2503]	Time  1.197 ( 1.090)	Data  0.000 ( 0.100)	Loss 1.9944e+00 (2.0737e+00)	Acc@1  54.49 ( 53.51)	Acc@5  78.71 ( 76.74)
Epoch: [3][1400/2503]	Time  1.126 ( 1.095)	Data  0.000 ( 0.093)	Loss 1.8362e+00 (2.0751e+00)	Acc@1  58.40 ( 53.49)	Acc@5  81.25 ( 76.73)
Epoch: [3][1500/2503]	Time  1.004 ( 1.104)	Data  0.000 ( 0.087)	Loss 2.1101e+00 (2.0752e+00)	Acc@1  52.34 ( 53.49)	Acc@5  76.17 ( 76.71)
Epoch: [3][1600/2503]	Time  1.152 ( 1.110)	Data  0.000 ( 0.082)	Loss 2.1139e+00 (2.0748e+00)	Acc@1  51.56 ( 53.50)	Acc@5  75.59 ( 76.72)
Epoch: [3][1700/2503]	Time  1.054 ( 1.116)	Data  0.000 ( 0.077)	Loss 2.1704e+00 (2.0748e+00)	Acc@1  51.17 ( 53.51)	Acc@5  75.98 ( 76.73)
Epoch: [3][1800/2503]	Time  1.043 ( 1.121)	Data  0.000 ( 0.073)	Loss 2.2319e+00 (2.0744e+00)	Acc@1  49.02 ( 53.51)	Acc@5  74.61 ( 76.73)
Epoch: [3][1900/2503]	Time  1.232 ( 1.127)	Data  0.000 ( 0.069)	Loss 1.8853e+00 (2.0731e+00)	Acc@1  56.84 ( 53.54)	Acc@5  80.47 ( 76.74)
Epoch: [3][2000/2503]	Time  1.348 ( 1.137)	Data  0.000 ( 0.065)	Loss 2.1620e+00 (2.0726e+00)	Acc@1  49.61 ( 53.55)	Acc@5  75.78 ( 76.75)
Epoch: [3][2100/2503]	Time  1.445 ( 1.151)	Data  0.000 ( 0.062)	Loss 2.0823e+00 (2.0720e+00)	Acc@1  51.37 ( 53.56)	Acc@5  76.76 ( 76.75)
Epoch: [3][2200/2503]	Time  1.397 ( 1.163)	Data  0.000 ( 0.059)	Loss 1.8421e+00 (2.0718e+00)	Acc@1  59.77 ( 53.56)	Acc@5  80.08 ( 76.76)
Epoch: [3][2300/2503]	Time  1.252 ( 1.175)	Data  0.000 ( 0.057)	Loss 2.0487e+00 (2.0714e+00)	Acc@1  51.95 ( 53.58)	Acc@5  77.54 ( 76.76)
Epoch: [3][2400/2503]	Time  1.394 ( 1.186)	Data  0.000 ( 0.055)	Loss 2.1217e+00 (2.0709e+00)	Acc@1  53.52 ( 53.58)	Acc@5  75.98 ( 76.78)
Epoch: [3][2500/2503]	Time  1.340 ( 1.196)	Data  0.001 ( 0.052)	Loss 2.0196e+00 (2.0711e+00)	Acc@1  54.10 ( 53.59)	Acc@5  76.37 ( 76.78)
Test: [  0/391]	Time  1.530 ( 1.530)	Loss 1.2116e+00 (1.2116e+00)	Acc@1  70.90 ( 70.90)	Acc@5  88.09 ( 88.09)
Test: [100/391]	Time  1.278 ( 1.398)	Loss 1.2785e+00 (1.4703e+00)	Acc@1  65.62 ( 62.53)	Acc@5  90.23 ( 86.49)
Test: [200/391]	Time  1.139 ( 1.396)	Loss 1.9893e+00 (1.6086e+00)	Acc@1  52.73 ( 60.42)	Acc@5  78.12 ( 84.42)
Test: [300/391]	Time  1.312 ( 1.383)	Loss 1.9613e+00 (1.7822e+00)	Acc@1  61.13 ( 57.62)	Acc@5  79.49 ( 81.54)
 * Acc@1 56.623 Acc@5 80.605
Epoch: [4][   0/2503]	Time  1.602 ( 1.602)	Data  1.415 ( 1.415)	Loss 2.0012e+00 (2.0012e+00)	Acc@1  54.69 ( 54.69)	Acc@5  77.54 ( 77.54)
Epoch: [4][ 100/2503]	Time  0.967 ( 1.070)	Data  0.000 ( 0.324)	Loss 2.0217e+00 (2.0266e+00)	Acc@1  53.32 ( 54.34)	Acc@5  77.93 ( 77.40)
Epoch: [4][ 200/2503]	Time  0.966 ( 1.043)	Data  0.000 ( 0.163)	Loss 1.9649e+00 (2.0372e+00)	Acc@1  53.91 ( 54.12)	Acc@5  77.73 ( 77.25)
Epoch: [4][ 300/2503]	Time  1.111 ( 1.035)	Data  0.000 ( 0.109)	Loss 2.0890e+00 (2.0384e+00)	Acc@1  51.37 ( 54.04)	Acc@5  75.98 ( 77.20)
Epoch: [4][ 400/2503]	Time  1.078 ( 1.061)	Data  0.000 ( 0.082)	Loss 1.8098e+00 (2.0447e+00)	Acc@1  57.62 ( 53.96)	Acc@5  80.47 ( 77.11)
Epoch: [4][ 500/2503]	Time  1.005 ( 1.058)	Data  0.000 ( 0.065)	Loss 1.9668e+00 (2.0430e+00)	Acc@1  56.64 ( 54.06)	Acc@5  77.54 ( 77.15)
Epoch: [4][ 600/2503]	Time  1.185 ( 1.053)	Data  0.000 ( 0.055)	Loss 2.1555e+00 (2.0456e+00)	Acc@1  52.93 ( 54.02)	Acc@5  74.80 ( 77.10)
Epoch: [4][ 700/2503]	Time  1.103 ( 1.056)	Data  0.000 ( 0.047)	Loss 2.0843e+00 (2.0429e+00)	Acc@1  53.91 ( 54.04)	Acc@5  74.41 ( 77.16)
Epoch: [4][ 800/2503]	Time  1.321 ( 1.064)	Data  0.000 ( 0.041)	Loss 2.0870e+00 (2.0415e+00)	Acc@1  54.49 ( 54.07)	Acc@5  76.37 ( 77.19)
Epoch: [4][ 900/2503]	Time  1.127 ( 1.068)	Data  0.000 ( 0.037)	Loss 2.1058e+00 (2.0419e+00)	Acc@1  52.73 ( 54.06)	Acc@5  74.61 ( 77.18)
Epoch: [4][1000/2503]	Time  1.011 ( 1.071)	Data  0.000 ( 0.033)	Loss 1.9601e+00 (2.0427e+00)	Acc@1  53.52 ( 54.07)	Acc@5  78.71 ( 77.17)
Epoch: [4][1100/2503]	Time  0.935 ( 1.069)	Data  0.000 ( 0.030)	Loss 1.9616e+00 (2.0426e+00)	Acc@1  55.47 ( 54.07)	Acc@5  78.32 ( 77.16)
Epoch: [4][1200/2503]	Time  0.972 ( 1.071)	Data  0.000 ( 0.027)	Loss 1.8750e+00 (2.0419e+00)	Acc@1  56.05 ( 54.07)	Acc@5  78.71 ( 77.18)
Epoch: [4][1300/2503]	Time  1.146 ( 1.072)	Data  0.000 ( 0.025)	Loss 1.9039e+00 (2.0407e+00)	Acc@1  58.40 ( 54.10)	Acc@5  78.52 ( 77.20)
Epoch: [4][1400/2503]	Time  1.017 ( 1.072)	Data  0.000 ( 0.024)	Loss 2.0982e+00 (2.0410e+00)	Acc@1  55.47 ( 54.09)	Acc@5  75.98 ( 77.20)
Epoch: [4][1500/2503]	Time  1.206 ( 1.077)	Data  0.000 ( 0.022)	Loss 2.0686e+00 (2.0412e+00)	Acc@1  53.52 ( 54.08)	Acc@5  76.76 ( 77.19)
Epoch: [4][1600/2503]	Time  1.403 ( 1.082)	Data  0.000 ( 0.021)	Loss 2.0053e+00 (2.0420e+00)	Acc@1  54.69 ( 54.06)	Acc@5  79.10 ( 77.18)
Epoch: [4][1700/2503]	Time  1.179 ( 1.089)	Data  0.000 ( 0.019)	Loss 1.9932e+00 (2.0417e+00)	Acc@1  55.27 ( 54.07)	Acc@5  78.12 ( 77.19)
Epoch: [4][1800/2503]	Time  1.456 ( 1.101)	Data  0.000 ( 0.018)	Loss 2.0051e+00 (2.0407e+00)	Acc@1  53.91 ( 54.08)	Acc@5  78.12 ( 77.20)
Epoch: [4][1900/2503]	Time  1.337 ( 1.117)	Data  0.000 ( 0.017)	Loss 2.1269e+00 (2.0414e+00)	Acc@1  53.32 ( 54.08)	Acc@5  75.39 ( 77.19)
Epoch: [4][2000/2503]	Time  1.479 ( 1.129)	Data  0.000 ( 0.017)	Loss 1.9752e+00 (2.0419e+00)	Acc@1  53.32 ( 54.07)	Acc@5  78.91 ( 77.19)
Epoch: [4][2100/2503]	Time  1.166 ( 1.140)	Data  0.000 ( 0.016)	Loss 1.9520e+00 (2.0417e+00)	Acc@1  54.88 ( 54.08)	Acc@5  78.12 ( 77.19)
Epoch: [4][2200/2503]	Time  1.254 ( 1.151)	Data  0.000 ( 0.015)	Loss 2.0127e+00 (2.0416e+00)	Acc@1  54.49 ( 54.08)	Acc@5  79.88 ( 77.18)
Epoch: [4][2300/2503]	Time  1.223 ( 1.161)	Data  0.000 ( 0.014)	Loss 2.0699e+00 (2.0413e+00)	Acc@1  51.76 ( 54.08)	Acc@5  74.61 ( 77.19)
Epoch: [4][2400/2503]	Time  1.407 ( 1.166)	Data  0.000 ( 0.014)	Loss 1.9479e+00 (2.0414e+00)	Acc@1  55.27 ( 54.07)	Acc@5  78.91 ( 77.19)
Epoch: [4][2500/2503]	Time  1.172 ( 1.172)	Data  0.000 ( 0.013)	Loss 1.8975e+00 (2.0411e+00)	Acc@1  55.66 ( 54.07)	Acc@5  81.64 ( 77.18)
Test: [  0/391]	Time  1.500 ( 1.500)	Loss 8.7212e-01 (8.7212e-01)	Acc@1  82.23 ( 82.23)	Acc@5  92.38 ( 92.38)
Test: [100/391]	Time  1.269 ( 1.403)	Loss 1.6291e+00 (1.4464e+00)	Acc@1  54.30 ( 63.37)	Acc@5  86.13 ( 86.75)
Test: [200/391]	Time  1.150 ( 1.396)	Loss 2.4180e+00 (1.5744e+00)	Acc@1  43.95 ( 61.27)	Acc@5  68.95 ( 84.90)
Test: [300/391]	Time  1.280 ( 1.383)	Loss 1.8777e+00 (1.7405e+00)	Acc@1  60.16 ( 58.61)	Acc@5  81.05 ( 82.18)
 * Acc@1 57.722 Acc@5 81.328
Epoch: [5][   0/2503]	Time  1.301 ( 1.301)	Data  1.117 ( 1.117)	Loss 1.9341e+00 (1.9341e+00)	Acc@1  53.12 ( 53.12)	Acc@5  77.54 ( 77.54)
Epoch: [5][ 100/2503]	Time  1.256 ( 1.093)	Data  0.000 ( 0.108)	Loss 2.0080e+00 (2.0075e+00)	Acc@1  56.05 ( 54.79)	Acc@5  77.15 ( 77.54)
Epoch: [5][ 200/2503]	Time  1.047 ( 1.101)	Data  0.000 ( 0.054)	Loss 2.0629e+00 (2.0142e+00)	Acc@1  55.08 ( 54.72)	Acc@5  74.41 ( 77.53)
Epoch: [5][ 300/2503]	Time  1.031 ( 1.106)	Data  0.000 ( 0.036)	Loss 2.0450e+00 (2.0110e+00)	Acc@1  55.27 ( 54.72)	Acc@5  76.95 ( 77.60)
Epoch: [5][ 400/2503]	Time  1.261 ( 1.110)	Data  0.000 ( 0.027)	Loss 1.8717e+00 (2.0081e+00)	Acc@1  56.25 ( 54.76)	Acc@5  78.52 ( 77.67)
Epoch: [5][ 500/2503]	Time  1.047 ( 1.110)	Data  0.000 ( 0.022)	Loss 2.2512e+00 (2.0051e+00)	Acc@1  50.78 ( 54.86)	Acc@5  73.44 ( 77.72)
Epoch: [5][ 600/2503]	Time  1.378 ( 1.113)	Data  0.000 ( 0.018)	Loss 2.0240e+00 (2.0059e+00)	Acc@1  54.88 ( 54.85)	Acc@5  77.34 ( 77.69)
Epoch: [5][ 700/2503]	Time  1.230 ( 1.117)	Data  0.000 ( 0.016)	Loss 1.9178e+00 (2.0056e+00)	Acc@1  56.45 ( 54.85)	Acc@5  77.73 ( 77.67)
Epoch: [5][ 800/2503]	Time  1.143 ( 1.121)	Data  0.000 ( 0.014)	Loss 1.9412e+00 (2.0047e+00)	Acc@1  59.18 ( 54.86)	Acc@5  78.12 ( 77.68)
Epoch: [5][ 900/2503]	Time  1.003 ( 1.122)	Data  0.000 ( 0.012)	Loss 2.0258e+00 (2.0061e+00)	Acc@1  52.73 ( 54.79)	Acc@5  78.71 ( 77.65)
Epoch: [5][1000/2503]	Time  1.152 ( 1.120)	Data  0.000 ( 0.011)	Loss 2.0739e+00 (2.0062e+00)	Acc@1  57.23 ( 54.77)	Acc@5  75.59 ( 77.66)
Epoch: [5][1100/2503]	Time  1.249 ( 1.127)	Data  0.000 ( 0.010)	Loss 1.9596e+00 (2.0074e+00)	Acc@1  55.47 ( 54.75)	Acc@5  77.54 ( 77.63)
Epoch: [5][1200/2503]	Time  1.132 ( 1.130)	Data  0.000 ( 0.009)	Loss 2.0634e+00 (2.0082e+00)	Acc@1  52.54 ( 54.73)	Acc@5  75.39 ( 77.61)
Epoch: [5][1300/2503]	Time  1.085 ( 1.135)	Data  0.000 ( 0.009)	Loss 2.0229e+00 (2.0077e+00)	Acc@1  53.52 ( 54.76)	Acc@5  77.73 ( 77.62)
Epoch: [5][1400/2503]	Time  1.252 ( 1.140)	Data  0.000 ( 0.008)	Loss 1.8821e+00 (2.0082e+00)	Acc@1  56.45 ( 54.74)	Acc@5  80.47 ( 77.61)
Epoch: [5][1500/2503]	Time  1.376 ( 1.144)	Data  0.000 ( 0.008)	Loss 1.9084e+00 (2.0089e+00)	Acc@1  55.27 ( 54.74)	Acc@5  79.49 ( 77.61)
Epoch: [5][1600/2503]	Time  1.025 ( 1.144)	Data  0.000 ( 0.007)	Loss 1.9310e+00 (2.0092e+00)	Acc@1  53.12 ( 54.72)	Acc@5  79.88 ( 77.60)
Epoch: [5][1700/2503]	Time  1.051 ( 1.152)	Data  0.000 ( 0.007)	Loss 2.0301e+00 (2.0092e+00)	Acc@1  54.69 ( 54.72)	Acc@5  77.73 ( 77.61)
Epoch: [5][1800/2503]	Time  1.609 ( 1.163)	Data  0.000 ( 0.006)	Loss 1.9950e+00 (2.0092e+00)	Acc@1  54.49 ( 54.71)	Acc@5  78.32 ( 77.61)
Epoch: [5][1900/2503]	Time  1.489 ( 1.174)	Data  0.000 ( 0.006)	Loss 2.0330e+00 (2.0095e+00)	Acc@1  53.91 ( 54.71)	Acc@5  77.34 ( 77.60)
Epoch: [5][2000/2503]	Time  1.172 ( 1.187)	Data  0.000 ( 0.006)	Loss 1.9588e+00 (2.0099e+00)	Acc@1  54.88 ( 54.68)	Acc@5  80.66 ( 77.59)
Epoch: [5][2100/2503]	Time  1.317 ( 1.193)	Data  0.000 ( 0.005)	Loss 2.1639e+00 (2.0096e+00)	Acc@1  52.93 ( 54.69)	Acc@5  72.66 ( 77.60)
Epoch: [5][2200/2503]	Time  1.744 ( 1.203)	Data  0.000 ( 0.005)	Loss 1.8898e+00 (2.0094e+00)	Acc@1  57.03 ( 54.69)	Acc@5  78.91 ( 77.61)
Epoch: [5][2300/2503]	Time  1.206 ( 1.211)	Data  0.000 ( 0.005)	Loss 1.9618e+00 (2.0096e+00)	Acc@1  56.45 ( 54.68)	Acc@5  77.93 ( 77.60)
Epoch: [5][2400/2503]	Time  1.400 ( 1.215)	Data  0.000 ( 0.005)	Loss 2.0985e+00 (2.0093e+00)	Acc@1  51.76 ( 54.69)	Acc@5  75.39 ( 77.61)
Epoch: [5][2500/2503]	Time  1.348 ( 1.219)	Data  0.000 ( 0.005)	Loss 1.9874e+00 (2.0091e+00)	Acc@1  56.84 ( 54.69)	Acc@5  77.15 ( 77.62)
Test: [  0/391]	Time  1.518 ( 1.518)	Loss 8.3971e-01 (8.3971e-01)	Acc@1  82.23 ( 82.23)	Acc@5  90.82 ( 90.82)
Test: [100/391]	Time  1.256 ( 1.381)	Loss 1.4914e+00 (1.4334e+00)	Acc@1  60.35 ( 63.62)	Acc@5  87.11 ( 86.97)
Test: [200/391]	Time  1.147 ( 1.389)	Loss 2.2969e+00 (1.5801e+00)	Acc@1  41.60 ( 61.16)	Acc@5  72.27 ( 84.78)
Test: [300/391]	Time  1.298 ( 1.378)	Loss 1.8416e+00 (1.7401e+00)	Acc@1  64.26 ( 58.62)	Acc@5  82.03 ( 82.21)
 * Acc@1 57.642 Acc@5 81.325
Epoch: [6][   0/2503]	Time  1.613 ( 1.613)	Data  1.428 ( 1.428)	Loss 2.1651e+00 (2.1651e+00)	Acc@1  50.98 ( 50.98)	Acc@5  75.20 ( 75.20)
Epoch: [6][ 100/2503]	Time  0.923 ( 1.023)	Data  0.718 ( 0.783)	Loss 2.0726e+00 (1.9857e+00)	Acc@1  53.91 ( 55.09)	Acc@5  75.78 ( 77.94)
Epoch: [6][ 200/2503]	Time  0.968 ( 1.034)	Data  0.000 ( 0.483)	Loss 1.9336e+00 (1.9795e+00)	Acc@1  56.05 ( 55.23)	Acc@5  80.86 ( 78.04)
Epoch: [6][ 300/2503]	Time  1.012 ( 1.031)	Data  0.000 ( 0.323)	Loss 2.0223e+00 (1.9810e+00)	Acc@1  54.69 ( 55.23)	Acc@5  79.69 ( 78.02)
Epoch: [6][ 400/2503]	Time  1.029 ( 1.035)	Data  0.000 ( 0.242)	Loss 1.8299e+00 (1.9785e+00)	Acc@1  60.55 ( 55.32)	Acc@5  78.71 ( 78.08)
Epoch: [6][ 500/2503]	Time  0.907 ( 1.038)	Data  0.000 ( 0.194)	Loss 1.9561e+00 (1.9810e+00)	Acc@1  55.86 ( 55.24)	Acc@5  76.95 ( 78.05)
Epoch: [6][ 600/2503]	Time  0.925 ( 1.038)	Data  0.000 ( 0.162)	Loss 2.0036e+00 (1.9814e+00)	Acc@1  54.30 ( 55.22)	Acc@5  78.12 ( 78.05)
Epoch: [6][ 700/2503]	Time  1.156 ( 1.045)	Data  0.000 ( 0.139)	Loss 1.8976e+00 (1.9813e+00)	Acc@1  56.64 ( 55.23)	Acc@5  77.73 ( 78.03)
Epoch: [6][ 800/2503]	Time  1.086 ( 1.048)	Data  0.000 ( 0.122)	Loss 2.0359e+00 (1.9821e+00)	Acc@1  52.34 ( 55.21)	Acc@5  76.37 ( 78.02)
Epoch: [6][ 900/2503]	Time  1.187 ( 1.054)	Data  0.000 ( 0.108)	Loss 1.9453e+00 (1.9826e+00)	Acc@1  54.49 ( 55.19)	Acc@5  79.10 ( 78.01)
Epoch: [6][1000/2503]	Time  1.119 ( 1.055)	Data  0.000 ( 0.097)	Loss 2.0361e+00 (1.9846e+00)	Acc@1  54.49 ( 55.14)	Acc@5  76.76 ( 77.96)
Epoch: [6][1100/2503]	Time  1.224 ( 1.067)	Data  0.000 ( 0.088)	Loss 1.9814e+00 (1.9837e+00)	Acc@1  54.49 ( 55.15)	Acc@5  78.32 ( 77.97)
Epoch: [6][1200/2503]	Time  1.043 ( 1.077)	Data  0.000 ( 0.081)	Loss 2.0193e+00 (1.9845e+00)	Acc@1  54.69 ( 55.13)	Acc@5  76.56 ( 77.96)
Epoch: [6][1300/2503]	Time  1.181 ( 1.085)	Data  0.000 ( 0.075)	Loss 2.1024e+00 (1.9851e+00)	Acc@1  53.32 ( 55.12)	Acc@5  75.59 ( 77.95)
Epoch: [6][1400/2503]	Time  1.153 ( 1.094)	Data  0.000 ( 0.070)	Loss 2.0163e+00 (1.9844e+00)	Acc@1  53.91 ( 55.13)	Acc@5  77.93 ( 77.96)
Epoch: [6][1500/2503]	Time  1.248 ( 1.104)	Data  0.000 ( 0.065)	Loss 2.0920e+00 (1.9850e+00)	Acc@1  52.93 ( 55.12)	Acc@5  77.34 ( 77.95)
Epoch: [6][1600/2503]	Time  1.209 ( 1.114)	Data  0.000 ( 0.061)	Loss 2.1077e+00 (1.9849e+00)	Acc@1  52.93 ( 55.11)	Acc@5  76.56 ( 77.95)
Epoch: [6][1700/2503]	Time  1.219 ( 1.126)	Data  0.000 ( 0.057)	Loss 2.0554e+00 (1.9851e+00)	Acc@1  53.91 ( 55.11)	Acc@5  75.98 ( 77.95)
Epoch: [6][1800/2503]	Time  1.418 ( 1.139)	Data  0.000 ( 0.054)	Loss 2.0209e+00 (1.9863e+00)	Acc@1  55.08 ( 55.09)	Acc@5  75.98 ( 77.93)
Epoch: [6][1900/2503]	Time  1.175 ( 1.155)	Data  0.000 ( 0.051)	Loss 2.0950e+00 (1.9866e+00)	Acc@1  52.54 ( 55.09)	Acc@5  74.61 ( 77.93)
Epoch: [6][2000/2503]	Time  1.213 ( 1.170)	Data  0.000 ( 0.049)	Loss 2.0778e+00 (1.9871e+00)	Acc@1  51.56 ( 55.08)	Acc@5  78.91 ( 77.93)
Epoch: [6][2100/2503]	Time  1.346 ( 1.182)	Data  0.000 ( 0.047)	Loss 1.9948e+00 (1.9871e+00)	Acc@1  56.25 ( 55.08)	Acc@5  78.12 ( 77.93)
Epoch: [6][2200/2503]	Time  1.252 ( 1.191)	Data  0.000 ( 0.044)	Loss 2.1384e+00 (1.9876e+00)	Acc@1  48.83 ( 55.06)	Acc@5  74.61 ( 77.91)
Epoch: [6][2300/2503]	Time  1.195 ( 1.196)	Data  0.000 ( 0.042)	Loss 1.9465e+00 (1.9882e+00)	Acc@1  57.81 ( 55.06)	Acc@5  78.91 ( 77.90)
Epoch: [6][2400/2503]	Time  1.156 ( 1.202)	Data  0.000 ( 0.041)	Loss 1.9595e+00 (1.9890e+00)	Acc@1  56.64 ( 55.04)	Acc@5  76.76 ( 77.89)
Epoch: [6][2500/2503]	Time  1.191 ( 1.211)	Data  0.000 ( 0.039)	Loss 1.8974e+00 (1.9893e+00)	Acc@1  55.66 ( 55.02)	Acc@5  80.66 ( 77.88)
Test: [  0/391]	Time  1.543 ( 1.543)	Loss 8.5912e-01 (8.5912e-01)	Acc@1  79.88 ( 79.88)	Acc@5  92.38 ( 92.38)
Test: [100/391]	Time  1.262 ( 1.387)	Loss 1.5979e+00 (1.4218e+00)	Acc@1  60.35 ( 64.22)	Acc@5  85.16 ( 87.17)
Test: [200/391]	Time  1.106 ( 1.391)	Loss 1.9934e+00 (1.5663e+00)	Acc@1  47.85 ( 61.58)	Acc@5  79.88 ( 85.06)
Test: [300/391]	Time  1.275 ( 1.379)	Loss 1.8747e+00 (1.7159e+00)	Acc@1  64.26 ( 59.19)	Acc@5  80.86 ( 82.57)
 * Acc@1 58.421 Acc@5 81.856
Epoch: [7][   0/2503]	Time  1.415 ( 1.415)	Data  1.227 ( 1.227)	Loss 2.0949e+00 (2.0949e+00)	Acc@1  53.52 ( 53.52)	Acc@5  76.95 ( 76.95)
Epoch: [7][ 100/2503]	Time  0.956 ( 1.058)	Data  0.000 ( 0.096)	Loss 1.9966e+00 (1.9705e+00)	Acc@1  57.42 ( 55.58)	Acc@5  77.15 ( 78.12)
Epoch: [7][ 200/2503]	Time  1.014 ( 1.049)	Data  0.000 ( 0.048)	Loss 1.7681e+00 (1.9657e+00)	Acc@1  59.96 ( 55.56)	Acc@5  80.66 ( 78.14)
Epoch: [7][ 300/2503]	Time  1.194 ( 1.043)	Data  0.000 ( 0.032)	Loss 1.9268e+00 (1.9640e+00)	Acc@1  55.86 ( 55.54)	Acc@5  80.27 ( 78.24)
Epoch: [7][ 400/2503]	Time  0.979 ( 1.038)	Data  0.000 ( 0.024)	Loss 2.0490e+00 (1.9657e+00)	Acc@1  55.27 ( 55.52)	Acc@5  75.20 ( 78.19)
Epoch: [7][ 500/2503]	Time  1.024 ( 1.047)	Data  0.000 ( 0.020)	Loss 1.7159e+00 (1.9692e+00)	Acc@1  58.40 ( 55.45)	Acc@5  82.23 ( 78.11)
Epoch: [7][ 600/2503]	Time  1.123 ( 1.048)	Data  0.000 ( 0.016)	Loss 1.8585e+00 (1.9690e+00)	Acc@1  56.05 ( 55.46)	Acc@5  79.30 ( 78.12)
Epoch: [7][ 700/2503]	Time  0.998 ( 1.055)	Data  0.000 ( 0.014)	Loss 1.9573e+00 (1.9714e+00)	Acc@1  57.03 ( 55.42)	Acc@5  79.69 ( 78.10)
Epoch: [7][ 800/2503]	Time  1.053 ( 1.058)	Data  0.000 ( 0.012)	Loss 1.9535e+00 (1.9730e+00)	Acc@1  56.64 ( 55.40)	Acc@5  78.32 ( 78.07)
Epoch: [7][ 900/2503]	Time  0.979 ( 1.057)	Data  0.000 ( 0.011)	Loss 1.9743e+00 (1.9737e+00)	Acc@1  52.93 ( 55.37)	Acc@5  80.27 ( 78.07)
Epoch: [7][1000/2503]	Time  1.228 ( 1.059)	Data  0.000 ( 0.010)	Loss 1.9096e+00 (1.9737e+00)	Acc@1  58.79 ( 55.38)	Acc@5  79.10 ( 78.07)
Epoch: [7][1100/2503]	Time  1.047 ( 1.060)	Data  0.000 ( 0.009)	Loss 1.9177e+00 (1.9739e+00)	Acc@1  58.20 ( 55.38)	Acc@5  80.27 ( 78.08)
Epoch: [7][1200/2503]	Time  1.376 ( 1.063)	Data  0.000 ( 0.008)	Loss 1.9412e+00 (1.9743e+00)	Acc@1  56.25 ( 55.35)	Acc@5  78.71 ( 78.08)
Epoch: [7][1300/2503]	Time  1.079 ( 1.077)	Data  0.000 ( 0.008)	Loss 2.0487e+00 (1.9738e+00)	Acc@1  53.71 ( 55.34)	Acc@5  76.76 ( 78.08)
Epoch: [7][1400/2503]	Time  1.325 ( 1.088)	Data  0.000 ( 0.007)	Loss 1.8789e+00 (1.9751e+00)	Acc@1  55.47 ( 55.31)	Acc@5  79.88 ( 78.06)
Epoch: [7][1500/2503]	Time  1.042 ( 1.098)	Data  0.000 ( 0.007)	Loss 2.1099e+00 (1.9746e+00)	Acc@1  52.15 ( 55.33)	Acc@5  75.20 ( 78.08)
Epoch: [7][1600/2503]	Time  1.044 ( 1.104)	Data  0.000 ( 0.006)	Loss 1.8837e+00 (1.9740e+00)	Acc@1  56.45 ( 55.35)	Acc@5  80.08 ( 78.10)
Epoch: [7][1700/2503]	Time  1.315 ( 1.112)	Data  0.000 ( 0.006)	Loss 1.9312e+00 (1.9741e+00)	Acc@1  54.88 ( 55.34)	Acc@5  79.69 ( 78.09)
Epoch: [7][1800/2503]	Time  1.354 ( 1.125)	Data  0.000 ( 0.006)	Loss 1.9637e+00 (1.9743e+00)	Acc@1  54.88 ( 55.33)	Acc@5  80.08 ( 78.08)
Epoch: [7][1900/2503]	Time  1.417 ( 1.136)	Data  0.000 ( 0.005)	Loss 2.0455e+00 (1.9751e+00)	Acc@1  53.91 ( 55.31)	Acc@5  76.17 ( 78.06)
Epoch: [7][2000/2503]	Time  1.420 ( 1.152)	Data  0.000 ( 0.005)	Loss 2.1424e+00 (1.9751e+00)	Acc@1  54.30 ( 55.31)	Acc@5  74.02 ( 78.06)
Epoch: [7][2100/2503]	Time  1.636 ( 1.166)	Data  0.000 ( 0.005)	Loss 1.9919e+00 (1.9761e+00)	Acc@1  53.91 ( 55.31)	Acc@5  78.52 ( 78.04)
Epoch: [7][2200/2503]	Time  1.554 ( 1.180)	Data  0.000 ( 0.005)	Loss 1.9570e+00 (1.9756e+00)	Acc@1  56.25 ( 55.30)	Acc@5  76.95 ( 78.05)
Epoch: [7][2300/2503]	Time  1.166 ( 1.189)	Data  0.000 ( 0.004)	Loss 1.9747e+00 (1.9757e+00)	Acc@1  57.03 ( 55.29)	Acc@5  77.15 ( 78.06)
Epoch: [7][2400/2503]	Time  1.639 ( 1.194)	Data  0.000 ( 0.004)	Loss 1.8579e+00 (1.9758e+00)	Acc@1  58.01 ( 55.29)	Acc@5  81.25 ( 78.05)
Epoch: [7][2500/2503]	Time  1.581 ( 1.202)	Data  0.000 ( 0.004)	Loss 1.9310e+00 (1.9755e+00)	Acc@1  55.47 ( 55.30)	Acc@5  78.91 ( 78.06)
Test: [  0/391]	Time  1.512 ( 1.512)	Loss 7.8158e-01 (7.8158e-01)	Acc@1  83.40 ( 83.40)	Acc@5  93.75 ( 93.75)
Test: [100/391]	Time  1.294 ( 1.375)	Loss 1.2774e+00 (1.4067e+00)	Acc@1  64.65 ( 64.57)	Acc@5  89.84 ( 87.39)
Test: [200/391]	Time  1.102 ( 1.380)	Loss 2.3434e+00 (1.5321e+00)	Acc@1  46.88 ( 62.32)	Acc@5  69.14 ( 85.50)
Test: [300/391]	Time  1.264 ( 1.370)	Loss 1.8278e+00 (1.6971e+00)	Acc@1  66.99 ( 59.63)	Acc@5  81.84 ( 82.77)
 * Acc@1 58.645 Acc@5 82.027
Epoch: [8][   0/2503]	Time  1.408 ( 1.408)	Data  1.225 ( 1.225)	Loss 2.0117e+00 (2.0117e+00)	Acc@1  54.88 ( 54.88)	Acc@5  77.93 ( 77.93)
Epoch: [8][ 100/2503]	Time  1.296 ( 1.072)	Data  0.000 ( 0.201)	Loss 1.9372e+00 (1.9495e+00)	Acc@1  54.69 ( 55.69)	Acc@5  78.12 ( 78.60)
Epoch: [8][ 200/2503]	Time  1.058 ( 1.062)	Data  0.000 ( 0.101)	Loss 2.0055e+00 (1.9491e+00)	Acc@1  56.25 ( 55.70)	Acc@5  78.12 ( 78.57)
Epoch: [8][ 300/2503]	Time  0.938 ( 1.055)	Data  0.000 ( 0.068)	Loss 2.1048e+00 (1.9475e+00)	Acc@1  52.93 ( 55.75)	Acc@5  74.61 ( 78.48)
Epoch: [8][ 400/2503]	Time  1.119 ( 1.049)	Data  0.000 ( 0.051)	Loss 2.0008e+00 (1.9467e+00)	Acc@1  54.69 ( 55.79)	Acc@5  77.54 ( 78.48)
Epoch: [8][ 500/2503]	Time  0.982 ( 1.050)	Data  0.000 ( 0.041)	Loss 1.8321e+00 (1.9529e+00)	Acc@1  58.59 ( 55.70)	Acc@5  79.30 ( 78.41)
Epoch: [8][ 600/2503]	Time  1.175 ( 1.055)	Data  0.000 ( 0.034)	Loss 2.0619e+00 (1.9523e+00)	Acc@1  55.86 ( 55.69)	Acc@5  77.93 ( 78.42)
Epoch: [8][ 700/2503]	Time  1.030 ( 1.050)	Data  0.000 ( 0.029)	Loss 1.8589e+00 (1.9519e+00)	Acc@1  57.62 ( 55.69)	Acc@5  80.66 ( 78.41)
Epoch: [8][ 800/2503]	Time  0.915 ( 1.050)	Data  0.000 ( 0.026)	Loss 1.9752e+00 (1.9509e+00)	Acc@1  55.08 ( 55.73)	Acc@5  79.30 ( 78.42)
Epoch: [8][ 900/2503]	Time  1.062 ( 1.057)	Data  0.000 ( 0.023)	Loss 2.0478e+00 (1.9532e+00)	Acc@1  55.66 ( 55.73)	Acc@5  77.93 ( 78.37)
Epoch: [8][1000/2503]	Time  1.070 ( 1.067)	Data  0.000 ( 0.020)	Loss 1.9970e+00 (1.9533e+00)	Acc@1  53.12 ( 55.73)	Acc@5  77.93 ( 78.35)
Epoch: [8][1100/2503]	Time  1.146 ( 1.077)	Data  0.000 ( 0.019)	Loss 1.7869e+00 (1.9528e+00)	Acc@1  59.96 ( 55.74)	Acc@5  81.84 ( 78.37)
Epoch: [8][1200/2503]	Time  1.150 ( 1.084)	Data  0.000 ( 0.017)	Loss 1.9664e+00 (1.9528e+00)	Acc@1  56.05 ( 55.74)	Acc@5  76.56 ( 78.39)
Epoch: [8][1300/2503]	Time  1.016 ( 1.088)	Data  0.000 ( 0.016)	Loss 1.9162e+00 (1.9532e+00)	Acc@1  58.01 ( 55.74)	Acc@5  79.10 ( 78.38)
Epoch: [8][1400/2503]	Time  1.213 ( 1.087)	Data  0.000 ( 0.015)	Loss 1.8860e+00 (1.9542e+00)	Acc@1  57.81 ( 55.72)	Acc@5  79.69 ( 78.37)
Epoch: [8][1500/2503]	Time  1.261 ( 1.099)	Data  0.000 ( 0.014)	Loss 1.9684e+00 (1.9542e+00)	Acc@1  55.47 ( 55.70)	Acc@5  77.15 ( 78.36)
Epoch: [8][1600/2503]	Time  1.355 ( 1.109)	Data  0.000 ( 0.013)	Loss 1.9658e+00 (1.9551e+00)	Acc@1  57.03 ( 55.69)	Acc@5  78.71 ( 78.34)
Epoch: [8][1700/2503]	Time  1.198 ( 1.121)	Data  0.000 ( 0.012)	Loss 1.8806e+00 (1.9550e+00)	Acc@1  57.81 ( 55.69)	Acc@5  77.93 ( 78.35)
Epoch: [8][1800/2503]	Time  1.269 ( 1.135)	Data  0.000 ( 0.012)	Loss 1.8437e+00 (1.9548e+00)	Acc@1  57.23 ( 55.69)	Acc@5  80.86 ( 78.35)
Epoch: [8][1900/2503]	Time  1.190 ( 1.141)	Data  0.000 ( 0.011)	Loss 1.8750e+00 (1.9547e+00)	Acc@1  55.86 ( 55.68)	Acc@5  79.69 ( 78.35)
Epoch: [8][2000/2503]	Time  1.509 ( 1.149)	Data  0.000 ( 0.010)	Loss 1.8409e+00 (1.9547e+00)	Acc@1  57.03 ( 55.68)	Acc@5  80.27 ( 78.35)
Epoch: [8][2100/2503]	Time  1.549 ( 1.157)	Data  0.000 ( 0.010)	Loss 1.8141e+00 (1.9539e+00)	Acc@1  58.59 ( 55.69)	Acc@5  81.05 ( 78.37)
Epoch: [8][2200/2503]	Time  1.447 ( 1.165)	Data  0.000 ( 0.009)	Loss 1.9838e+00 (1.9547e+00)	Acc@1  54.88 ( 55.68)	Acc@5  79.10 ( 78.36)
Epoch: [8][2300/2503]	Time  1.113 ( 1.170)	Data  0.000 ( 0.009)	Loss 1.9659e+00 (1.9544e+00)	Acc@1  56.25 ( 55.69)	Acc@5  77.15 ( 78.36)
Epoch: [8][2400/2503]	Time  1.379 ( 1.175)	Data  0.000 ( 0.009)	Loss 1.8777e+00 (1.9549e+00)	Acc@1  56.84 ( 55.67)	Acc@5  81.84 ( 78.35)
Epoch: [8][2500/2503]	Time  1.323 ( 1.178)	Data  0.000 ( 0.008)	Loss 1.8867e+00 (1.9558e+00)	Acc@1  56.84 ( 55.66)	Acc@5  78.91 ( 78.34)
Test: [  0/391]	Time  1.526 ( 1.526)	Loss 9.1077e-01 (9.1077e-01)	Acc@1  78.32 ( 78.32)	Acc@5  92.58 ( 92.58)
Test: [100/391]	Time  1.253 ( 1.371)	Loss 1.4410e+00 (1.4015e+00)	Acc@1  57.42 ( 64.42)	Acc@5  87.70 ( 87.35)
Test: [200/391]	Time  1.127 ( 1.381)	Loss 1.7899e+00 (1.5376e+00)	Acc@1  52.54 ( 62.20)	Acc@5  81.84 ( 85.39)
Test: [300/391]	Time  1.306 ( 1.370)	Loss 1.5890e+00 (1.6894e+00)	Acc@1  68.55 ( 59.57)	Acc@5  83.20 ( 82.90)
 * Acc@1 58.508 Acc@5 82.006
Epoch: [9][   0/2503]	Time  1.448 ( 1.448)	Data  1.263 ( 1.263)	Loss 1.8107e+00 (1.8107e+00)	Acc@1  58.59 ( 58.59)	Acc@5  80.86 ( 80.86)
Epoch: [9][ 100/2503]	Time  1.162 ( 1.052)	Data  0.000 ( 0.130)	Loss 1.8958e+00 (1.9325e+00)	Acc@1  58.59 ( 56.10)	Acc@5  79.88 ( 78.80)
Epoch: [9][ 200/2503]	Time  0.987 ( 1.028)	Data  0.000 ( 0.065)	Loss 1.9933e+00 (1.9363e+00)	Acc@1  57.23 ( 56.10)	Acc@5  77.73 ( 78.61)
Epoch: [9][ 300/2503]	Time  0.938 ( 1.022)	Data  0.000 ( 0.044)	Loss 1.9661e+00 (1.9349e+00)	Acc@1  54.30 ( 56.09)	Acc@5  77.93 ( 78.64)
Epoch: [9][ 400/2503]	Time  1.065 ( 1.030)	Data  0.000 ( 0.038)	Loss 2.0169e+00 (1.9340e+00)	Acc@1  53.52 ( 56.05)	Acc@5  76.56 ( 78.62)
Epoch: [9][ 500/2503]	Time  0.998 ( 1.044)	Data  0.000 ( 0.030)	Loss 1.9197e+00 (1.9339e+00)	Acc@1  55.27 ( 56.05)	Acc@5  81.05 ( 78.61)
Epoch: [9][ 600/2503]	Time  1.168 ( 1.055)	Data  0.000 ( 0.025)	Loss 1.7923e+00 (1.9372e+00)	Acc@1  60.35 ( 55.98)	Acc@5  78.91 ( 78.56)
Epoch: [9][ 700/2503]	Time  1.214 ( 1.067)	Data  0.000 ( 0.022)	Loss 2.0033e+00 (1.9382e+00)	Acc@1  55.08 ( 55.95)	Acc@5  79.49 ( 78.54)
Epoch: [9][ 800/2503]	Time  0.983 ( 1.078)	Data  0.000 ( 0.019)	Loss 1.8432e+00 (1.9375e+00)	Acc@1  59.57 ( 55.94)	Acc@5  80.47 ( 78.55)
Epoch: [9][ 900/2503]	Time  1.063 ( 1.082)	Data  0.000 ( 0.017)	Loss 1.9525e+00 (1.9387e+00)	Acc@1  56.45 ( 55.92)	Acc@5  78.52 ( 78.54)
Epoch: [9][1000/2503]	Time  1.459 ( 1.086)	Data  0.000 ( 0.015)	Loss 1.9941e+00 (1.9394e+00)	Acc@1  57.81 ( 55.92)	Acc@5  77.54 ( 78.54)
Epoch: [9][1100/2503]	Time  1.237 ( 1.095)	Data  0.000 ( 0.014)	Loss 1.9255e+00 (1.9399e+00)	Acc@1  55.66 ( 55.93)	Acc@5  77.54 ( 78.53)
Epoch: [9][1200/2503]	Time  1.119 ( 1.095)	Data  0.000 ( 0.013)	Loss 1.8784e+00 (1.9408e+00)	Acc@1  57.23 ( 55.94)	Acc@5  79.49 ( 78.51)
Epoch: [9][1300/2503]	Time  1.067 ( 1.097)	Data  0.000 ( 0.012)	Loss 1.8774e+00 (1.9414e+00)	Acc@1  56.05 ( 55.93)	Acc@5  78.71 ( 78.51)
Epoch: [9][1400/2503]	Time  1.004 ( 1.100)	Data  0.000 ( 0.011)	Loss 1.8133e+00 (1.9422e+00)	Acc@1  57.23 ( 55.91)	Acc@5  79.69 ( 78.49)
Epoch: [9][1500/2503]	Time  1.057 ( 1.102)	Data  0.000 ( 0.010)	Loss 1.9606e+00 (1.9424e+00)	Acc@1  54.30 ( 55.91)	Acc@5  78.52 ( 78.48)
Epoch: [9][1600/2503]	Time  1.085 ( 1.108)	Data  0.000 ( 0.010)	Loss 2.0110e+00 (1.9427e+00)	Acc@1  57.81 ( 55.92)	Acc@5  74.61 ( 78.47)
Epoch: [9][1700/2503]	Time  1.228 ( 1.117)	Data  0.000 ( 0.009)	Loss 2.0926e+00 (1.9431e+00)	Acc@1  54.10 ( 55.92)	Acc@5  75.59 ( 78.47)
Epoch: [9][1800/2503]	Time  1.519 ( 1.128)	Data  0.000 ( 0.009)	Loss 1.8992e+00 (1.9429e+00)	Acc@1  58.98 ( 55.92)	Acc@5  79.10 ( 78.48)
Epoch: [9][1900/2503]	Time  1.350 ( 1.142)	Data  0.000 ( 0.008)	Loss 1.8668e+00 (1.9430e+00)	Acc@1  55.27 ( 55.92)	Acc@5  80.08 ( 78.47)
Epoch: [9][2000/2503]	Time  1.315 ( 1.153)	Data  0.000 ( 0.008)	Loss 1.9846e+00 (1.9432e+00)	Acc@1  54.10 ( 55.90)	Acc@5  78.52 ( 78.47)
Epoch: [9][2100/2503]	Time  1.596 ( 1.168)	Data  0.000 ( 0.007)	Loss 1.7476e+00 (1.9430e+00)	Acc@1  59.18 ( 55.90)	Acc@5  82.42 ( 78.48)
Epoch: [9][2200/2503]	Time  1.734 ( 1.180)	Data  0.000 ( 0.007)	Loss 1.8716e+00 (1.9435e+00)	Acc@1  56.84 ( 55.90)	Acc@5  79.88 ( 78.47)
Epoch: [9][2300/2503]	Time  1.439 ( 1.193)	Data  0.000 ( 0.007)	Loss 1.9709e+00 (1.9437e+00)	Acc@1  56.84 ( 55.89)	Acc@5  77.93 ( 78.47)
Epoch: [9][2400/2503]	Time  1.340 ( 1.200)	Data  0.000 ( 0.007)	Loss 1.9666e+00 (1.9439e+00)	Acc@1  54.49 ( 55.89)	Acc@5  78.32 ( 78.46)
Epoch: [9][2500/2503]	Time  1.310 ( 1.202)	Data  0.000 ( 0.006)	Loss 1.8140e+00 (1.9444e+00)	Acc@1  56.45 ( 55.87)	Acc@5  80.47 ( 78.47)
Test: [  0/391]	Time  1.518 ( 1.518)	Loss 1.0534e+00 (1.0534e+00)	Acc@1  78.12 ( 78.12)	Acc@5  90.43 ( 90.43)
Test: [100/391]	Time  1.284 ( 1.382)	Loss 1.2332e+00 (1.3734e+00)	Acc@1  62.89 ( 64.88)	Acc@5  94.14 ( 87.78)
Test: [200/391]	Time  1.118 ( 1.387)	Loss 2.0835e+00 (1.5025e+00)	Acc@1  46.09 ( 62.72)	Acc@5  78.52 ( 85.85)
Test: [300/391]	Time  1.312 ( 1.377)	Loss 1.6450e+00 (1.6613e+00)	Acc@1  71.48 ( 60.11)	Acc@5  84.18 ( 83.26)
 * Acc@1 59.194 Acc@5 82.484
Epoch: [10][   0/2503]	Time  1.768 ( 1.768)	Data  1.584 ( 1.584)	Loss 1.9532e+00 (1.9532e+00)	Acc@1  53.71 ( 53.71)	Acc@5  77.93 ( 77.93)
Epoch: [10][ 100/2503]	Time  1.339 ( 1.076)	Data  1.137 ( 0.876)	Loss 1.9645e+00 (1.9306e+00)	Acc@1  56.45 ( 56.10)	Acc@5  78.12 ( 78.76)
Epoch: [10][ 200/2503]	Time  1.204 ( 1.086)	Data  1.003 ( 0.887)	Loss 1.8026e+00 (1.9352e+00)	Acc@1  56.25 ( 55.97)	Acc@5  80.86 ( 78.62)
Epoch: [10][ 300/2503]	Time  1.057 ( 1.090)	Data  0.876 ( 0.890)	Loss 1.8857e+00 (1.9285e+00)	Acc@1  57.62 ( 56.09)	Acc@5  80.08 ( 78.72)
Epoch: [10][ 400/2503]	Time  0.937 ( 1.095)	Data  0.745 ( 0.896)	Loss 2.0054e+00 (1.9307e+00)	Acc@1  56.05 ( 56.06)	Acc@5  76.56 ( 78.64)
Epoch: [10][ 500/2503]	Time  0.977 ( 1.098)	Data  0.778 ( 0.900)	Loss 2.0142e+00 (1.9338e+00)	Acc@1  55.08 ( 56.03)	Acc@5  77.34 ( 78.56)
Epoch: [10][ 600/2503]	Time  0.965 ( 1.098)	Data  0.760 ( 0.900)	Loss 1.7906e+00 (1.9306e+00)	Acc@1  58.59 ( 56.12)	Acc@5  79.49 ( 78.60)
Epoch: [10][ 700/2503]	Time  1.265 ( 1.103)	Data  1.065 ( 0.905)	Loss 2.0602e+00 (1.9302e+00)	Acc@1  55.86 ( 56.14)	Acc@5  76.95 ( 78.62)
Epoch: [10][ 800/2503]	Time  1.309 ( 1.106)	Data  1.108 ( 0.908)	Loss 1.7531e+00 (1.9296e+00)	Acc@1  58.01 ( 56.15)	Acc@5  82.03 ( 78.64)
Epoch: [10][ 900/2503]	Time  1.150 ( 1.114)	Data  0.945 ( 0.916)	Loss 1.8863e+00 (1.9300e+00)	Acc@1  58.01 ( 56.15)	Acc@5  79.69 ( 78.63)
Epoch: [10][1000/2503]	Time  1.121 ( 1.120)	Data  0.917 ( 0.923)	Loss 2.0111e+00 (1.9302e+00)	Acc@1  54.30 ( 56.14)	Acc@5  76.56 ( 78.65)
Epoch: [10][1100/2503]	Time  1.092 ( 1.126)	Data  0.907 ( 0.929)	Loss 1.8235e+00 (1.9299e+00)	Acc@1  55.27 ( 56.14)	Acc@5  80.47 ( 78.66)
Epoch: [10][1200/2503]	Time  0.987 ( 1.132)	Data  0.783 ( 0.935)	Loss 1.8906e+00 (1.9313e+00)	Acc@1  54.49 ( 56.13)	Acc@5  79.69 ( 78.63)
Epoch: [10][1300/2503]	Time  1.201 ( 1.134)	Data  0.997 ( 0.937)	Loss 2.0521e+00 (1.9321e+00)	Acc@1  54.10 ( 56.11)	Acc@5  78.32 ( 78.61)
Epoch: [10][1400/2503]	Time  1.167 ( 1.134)	Data  0.967 ( 0.936)	Loss 1.8382e+00 (1.9313e+00)	Acc@1  58.20 ( 56.13)	Acc@5  79.88 ( 78.63)
Epoch: [10][1500/2503]	Time  1.005 ( 1.138)	Data  0.000 ( 0.892)	Loss 2.0412e+00 (1.9315e+00)	Acc@1  53.12 ( 56.13)	Acc@5  77.73 ( 78.63)
Epoch: [10][1600/2503]	Time  1.007 ( 1.140)	Data  0.000 ( 0.836)	Loss 1.9798e+00 (1.9327e+00)	Acc@1  57.03 ( 56.11)	Acc@5  77.93 ( 78.60)
Epoch: [10][1700/2503]	Time  1.208 ( 1.143)	Data  0.000 ( 0.787)	Loss 1.8757e+00 (1.9331e+00)	Acc@1  57.81 ( 56.10)	Acc@5  79.88 ( 78.59)
Epoch: [10][1800/2503]	Time  1.057 ( 1.146)	Data  0.000 ( 0.743)	Loss 1.8593e+00 (1.9334e+00)	Acc@1  57.23 ( 56.08)	Acc@5  79.88 ( 78.60)
Epoch: [10][1900/2503]	Time  1.130 ( 1.151)	Data  0.000 ( 0.704)	Loss 2.0615e+00 (1.9323e+00)	Acc@1  53.52 ( 56.10)	Acc@5  76.76 ( 78.62)
Epoch: [10][2000/2503]	Time  1.418 ( 1.157)	Data  0.000 ( 0.669)	Loss 1.9830e+00 (1.9334e+00)	Acc@1  52.34 ( 56.08)	Acc@5  77.15 ( 78.60)
Epoch: [10][2100/2503]	Time  1.389 ( 1.164)	Data  0.000 ( 0.637)	Loss 2.0059e+00 (1.9332e+00)	Acc@1  54.69 ( 56.09)	Acc@5  78.12 ( 78.60)
Epoch: [10][2200/2503]	Time  1.338 ( 1.170)	Data  0.000 ( 0.608)	Loss 2.0372e+00 (1.9332e+00)	Acc@1  53.71 ( 56.10)	Acc@5  77.34 ( 78.60)
Epoch: [10][2300/2503]	Time  1.142 ( 1.175)	Data  0.000 ( 0.582)	Loss 1.8591e+00 (1.9332e+00)	Acc@1  58.40 ( 56.09)	Acc@5  79.88 ( 78.59)
Epoch: [10][2400/2503]	Time  1.234 ( 1.179)	Data  0.000 ( 0.558)	Loss 1.9198e+00 (1.9335e+00)	Acc@1  55.66 ( 56.08)	Acc@5  78.32 ( 78.59)
Epoch: [10][2500/2503]	Time  1.268 ( 1.182)	Data  0.000 ( 0.535)	Loss 1.9172e+00 (1.9335e+00)	Acc@1  53.91 ( 56.09)	Acc@5  79.69 ( 78.59)
Test: [  0/391]	Time  1.492 ( 1.492)	Loss 1.0041e+00 (1.0041e+00)	Acc@1  75.98 ( 75.98)	Acc@5  91.21 ( 91.21)
Test: [100/391]	Time  1.277 ( 1.376)	Loss 1.1255e+00 (1.3395e+00)	Acc@1  66.99 ( 65.34)	Acc@5  92.77 ( 88.43)
Test: [200/391]	Time  1.118 ( 1.378)	Loss 2.1095e+00 (1.4863e+00)	Acc@1  46.48 ( 62.84)	Acc@5  75.98 ( 86.27)
Test: [300/391]	Time  1.243 ( 1.367)	Loss 1.7060e+00 (1.6441e+00)	Acc@1  67.77 ( 60.27)	Acc@5  80.86 ( 83.69)
 * Acc@1 59.255 Acc@5 82.699
Epoch: [11][   0/2503]	Time  1.368 ( 1.368)	Data  1.190 ( 1.190)	Loss 1.9816e+00 (1.9816e+00)	Acc@1  53.91 ( 53.91)	Acc@5  77.73 ( 77.73)
Epoch: [11][ 100/2503]	Time  0.922 ( 1.013)	Data  0.125 ( 0.748)	Loss 1.8970e+00 (1.9015e+00)	Acc@1  56.64 ( 56.62)	Acc@5  79.30 ( 79.23)
Epoch: [11][ 200/2503]	Time  1.196 ( 1.022)	Data  1.000 ( 0.424)	Loss 1.9402e+00 (1.9037e+00)	Acc@1  54.10 ( 56.52)	Acc@5  79.30 ( 79.18)
Epoch: [11][ 300/2503]	Time  1.410 ( 1.026)	Data  0.000 ( 0.351)	Loss 1.8976e+00 (1.9046e+00)	Acc@1  58.40 ( 56.63)	Acc@5  78.32 ( 79.17)
Epoch: [11][ 400/2503]	Time  0.931 ( 1.031)	Data  0.000 ( 0.264)	Loss 1.8681e+00 (1.9085e+00)	Acc@1  55.66 ( 56.56)	Acc@5  78.91 ( 79.07)
Epoch: [11][ 500/2503]	Time  1.071 ( 1.031)	Data  0.000 ( 0.211)	Loss 1.9751e+00 (1.9119e+00)	Acc@1  55.27 ( 56.50)	Acc@5  77.54 ( 79.03)
Epoch: [11][ 600/2503]	Time  0.960 ( 1.039)	Data  0.000 ( 0.176)	Loss 2.0660e+00 (1.9106e+00)	Acc@1  56.05 ( 56.51)	Acc@5  77.93 ( 79.03)
Epoch: [11][ 700/2503]	Time  1.126 ( 1.041)	Data  0.000 ( 0.151)	Loss 1.8602e+00 (1.9101e+00)	Acc@1  54.30 ( 56.51)	Acc@5  80.86 ( 79.04)
Epoch: [11][ 800/2503]	Time  1.320 ( 1.046)	Data  0.000 ( 0.132)	Loss 2.0632e+00 (1.9113e+00)	Acc@1  55.08 ( 56.52)	Acc@5  77.54 ( 79.00)
Epoch: [11][ 900/2503]	Time  1.148 ( 1.053)	Data  0.000 ( 0.117)	Loss 1.9542e+00 (1.9131e+00)	Acc@1  53.52 ( 56.50)	Acc@5  78.12 ( 78.98)
Epoch: [11][1000/2503]	Time  1.039 ( 1.054)	Data  0.000 ( 0.106)	Loss 1.8748e+00 (1.9133e+00)	Acc@1  54.88 ( 56.48)	Acc@5  79.69 ( 78.98)
Epoch: [11][1100/2503]	Time  1.229 ( 1.056)	Data  0.000 ( 0.096)	Loss 1.8756e+00 (1.9140e+00)	Acc@1  57.81 ( 56.47)	Acc@5  78.52 ( 78.97)
Epoch: [11][1200/2503]	Time  1.195 ( 1.062)	Data  0.000 ( 0.088)	Loss 2.0642e+00 (1.9158e+00)	Acc@1  53.52 ( 56.41)	Acc@5  77.34 ( 78.94)
Epoch: [11][1300/2503]	Time  1.115 ( 1.066)	Data  0.000 ( 0.081)	Loss 1.8733e+00 (1.9157e+00)	Acc@1  56.45 ( 56.41)	Acc@5  81.64 ( 78.94)
Epoch: [11][1400/2503]	Time  1.334 ( 1.076)	Data  0.000 ( 0.076)	Loss 1.8987e+00 (1.9180e+00)	Acc@1  57.03 ( 56.37)	Acc@5  79.49 ( 78.89)
Epoch: [11][1500/2503]	Time  1.020 ( 1.079)	Data  0.000 ( 0.071)	Loss 1.8224e+00 (1.9175e+00)	Acc@1  58.01 ( 56.39)	Acc@5  80.47 ( 78.91)
Epoch: [11][1600/2503]	Time  1.442 ( 1.082)	Data  0.000 ( 0.066)	Loss 1.8355e+00 (1.9181e+00)	Acc@1  57.42 ( 56.38)	Acc@5  77.93 ( 78.89)
Epoch: [11][1700/2503]	Time  1.231 ( 1.086)	Data  0.000 ( 0.062)	Loss 1.9421e+00 (1.9189e+00)	Acc@1  55.47 ( 56.37)	Acc@5  80.08 ( 78.87)
Epoch: [11][1800/2503]	Time  1.268 ( 1.092)	Data  0.000 ( 0.059)	Loss 1.7807e+00 (1.9196e+00)	Acc@1  59.38 ( 56.35)	Acc@5  81.45 ( 78.87)
Epoch: [11][1900/2503]	Time  1.124 ( 1.101)	Data  0.000 ( 0.056)	Loss 1.9039e+00 (1.9195e+00)	Acc@1  57.03 ( 56.36)	Acc@5  78.91 ( 78.86)
Epoch: [11][2000/2503]	Time  1.348 ( 1.111)	Data  0.000 ( 0.053)	Loss 1.8576e+00 (1.9196e+00)	Acc@1  57.42 ( 56.36)	Acc@5  79.88 ( 78.86)
Epoch: [11][2100/2503]	Time  1.303 ( 1.121)	Data  0.000 ( 0.051)	Loss 1.9177e+00 (1.9200e+00)	Acc@1  58.79 ( 56.35)	Acc@5  80.47 ( 78.85)
Epoch: [11][2200/2503]	Time  1.255 ( 1.132)	Data  0.000 ( 0.048)	Loss 1.7512e+00 (1.9202e+00)	Acc@1  59.77 ( 56.34)	Acc@5  81.05 ( 78.84)
Epoch: [11][2300/2503]	Time  1.569 ( 1.139)	Data  0.000 ( 0.046)	Loss 2.0595e+00 (1.9208e+00)	Acc@1  52.34 ( 56.32)	Acc@5  76.76 ( 78.82)
Epoch: [11][2400/2503]	Time  1.326 ( 1.145)	Data  0.000 ( 0.044)	Loss 1.7812e+00 (1.9216e+00)	Acc@1  59.18 ( 56.30)	Acc@5  82.23 ( 78.81)
Epoch: [11][2500/2503]	Time  1.184 ( 1.150)	Data  0.000 ( 0.042)	Loss 1.8411e+00 (1.9215e+00)	Acc@1  56.84 ( 56.29)	Acc@5  80.08 ( 78.82)
Test: [  0/391]	Time  1.564 ( 1.564)	Loss 8.9133e-01 (8.9133e-01)	Acc@1  78.91 ( 78.91)	Acc@5  92.58 ( 92.58)
Test: [100/391]	Time  1.260 ( 1.375)	Loss 9.3042e-01 (1.3619e+00)	Acc@1  73.63 ( 65.13)	Acc@5  94.53 ( 87.69)
Test: [200/391]	Time  1.098 ( 1.381)	Loss 1.8966e+00 (1.5024e+00)	Acc@1  52.73 ( 62.88)	Acc@5  78.71 ( 85.82)
Test: [300/391]	Time  1.252 ( 1.371)	Loss 1.8184e+00 (1.6522e+00)	Acc@1  66.02 ( 60.45)	Acc@5  81.25 ( 83.50)
 * Acc@1 59.550 Acc@5 82.703
Epoch: [12][   0/2503]	Time  1.427 ( 1.427)	Data  1.249 ( 1.249)	Loss 2.0091e+00 (2.0091e+00)	Acc@1  54.49 ( 54.49)	Acc@5  77.15 ( 77.15)
Epoch: [12][ 100/2503]	Time  1.001 ( 1.075)	Data  0.000 ( 0.068)	Loss 1.8832e+00 (1.8985e+00)	Acc@1  53.32 ( 56.79)	Acc@5  80.27 ( 79.20)
Epoch: [12][ 200/2503]	Time  1.022 ( 1.065)	Data  0.000 ( 0.034)	Loss 1.8131e+00 (1.9048e+00)	Acc@1  56.64 ( 56.60)	Acc@5  81.25 ( 79.12)
Epoch: [12][ 300/2503]	Time  0.956 ( 1.062)	Data  0.000 ( 0.023)	Loss 1.8709e+00 (1.9008e+00)	Acc@1  56.05 ( 56.63)	Acc@5  78.52 ( 79.17)
Epoch: [12][ 400/2503]	Time  1.145 ( 1.061)	Data  0.000 ( 0.017)	Loss 1.7957e+00 (1.9007e+00)	Acc@1  59.96 ( 56.67)	Acc@5  80.27 ( 79.16)
Epoch: [12][ 500/2503]	Time  1.156 ( 1.063)	Data  0.000 ( 0.014)	Loss 2.0311e+00 (1.8987e+00)	Acc@1  55.66 ( 56.73)	Acc@5  76.37 ( 79.21)
Epoch: [12][ 600/2503]	Time  0.999 ( 1.066)	Data  0.000 ( 0.012)	Loss 1.9307e+00 (1.9010e+00)	Acc@1  58.79 ( 56.70)	Acc@5  78.12 ( 79.16)
Epoch: [12][ 700/2503]	Time  1.109 ( 1.067)	Data  0.000 ( 0.010)	Loss 1.9543e+00 (1.9010e+00)	Acc@1  58.01 ( 56.73)	Acc@5  76.76 ( 79.15)
Epoch: [12][ 800/2503]	Time  1.099 ( 1.066)	Data  0.000 ( 0.009)	Loss 2.0182e+00 (1.9010e+00)	Acc@1  53.12 ( 56.73)	Acc@5  77.93 ( 79.13)
Epoch: [12][ 900/2503]	Time  0.956 ( 1.069)	Data  0.000 ( 0.008)	Loss 1.8267e+00 (1.9028e+00)	Acc@1  56.45 ( 56.71)	Acc@5  79.49 ( 79.11)
Epoch: [12][1000/2503]	Time  1.202 ( 1.070)	Data  0.000 ( 0.007)	Loss 1.9249e+00 (1.9022e+00)	Acc@1  55.66 ( 56.72)	Acc@5  78.71 ( 79.11)
Epoch: [12][1100/2503]	Time  1.094 ( 1.075)	Data  0.000 ( 0.007)	Loss 1.9316e+00 (1.9035e+00)	Acc@1  55.47 ( 56.72)	Acc@5  78.12 ( 79.08)
Epoch: [12][1200/2503]	Time  1.078 ( 1.080)	Data  0.000 ( 0.006)	Loss 1.7337e+00 (1.9041e+00)	Acc@1  58.79 ( 56.69)	Acc@5  80.66 ( 79.08)
Epoch: [12][1300/2503]	Time  1.198 ( 1.086)	Data  0.000 ( 0.006)	Loss 1.8360e+00 (1.9045e+00)	Acc@1  58.01 ( 56.67)	Acc@5  79.49 ( 79.08)
Epoch: [12][1400/2503]	Time  1.078 ( 1.093)	Data  0.000 ( 0.005)	Loss 2.0142e+00 (1.9054e+00)	Acc@1  52.93 ( 56.64)	Acc@5  77.54 ( 79.06)
Epoch: [12][1500/2503]	Time  1.215 ( 1.104)	Data  0.000 ( 0.005)	Loss 1.9516e+00 (1.9061e+00)	Acc@1  58.79 ( 56.60)	Acc@5  78.52 ( 79.05)
Epoch: [12][1600/2503]	Time  1.154 ( 1.110)	Data  0.000 ( 0.005)	Loss 1.8765e+00 (1.9065e+00)	Acc@1  56.45 ( 56.58)	Acc@5  79.30 ( 79.03)
Epoch: [12][1700/2503]	Time  1.215 ( 1.117)	Data  0.000 ( 0.004)	Loss 2.0902e+00 (1.9079e+00)	Acc@1  51.95 ( 56.56)	Acc@5  76.95 ( 79.01)
Epoch: [12][1800/2503]	Time  1.107 ( 1.129)	Data  0.000 ( 0.004)	Loss 1.8699e+00 (1.9091e+00)	Acc@1  56.25 ( 56.53)	Acc@5  82.23 ( 79.00)
Epoch: [12][1900/2503]	Time  1.639 ( 1.145)	Data  0.000 ( 0.004)	Loss 1.8988e+00 (1.9091e+00)	Acc@1  55.86 ( 56.53)	Acc@5  78.32 ( 78.99)
Epoch: [12][2000/2503]	Time  1.405 ( 1.159)	Data  0.000 ( 0.004)	Loss 1.8383e+00 (1.9094e+00)	Acc@1  54.69 ( 56.54)	Acc@5  81.45 ( 78.98)
Epoch: [12][2100/2503]	Time  1.397 ( 1.173)	Data  0.000 ( 0.004)	Loss 1.8630e+00 (1.9098e+00)	Acc@1  58.98 ( 56.52)	Acc@5  79.10 ( 78.97)
Epoch: [12][2200/2503]	Time  1.604 ( 1.185)	Data  0.000 ( 0.003)	Loss 2.0960e+00 (1.9096e+00)	Acc@1  52.34 ( 56.53)	Acc@5  75.98 ( 78.97)
Epoch: [12][2300/2503]	Time  1.423 ( 1.192)	Data  0.000 ( 0.003)	Loss 1.7760e+00 (1.9106e+00)	Acc@1  61.72 ( 56.52)	Acc@5  79.69 ( 78.95)
Epoch: [12][2400/2503]	Time  1.136 ( 1.198)	Data  0.000 ( 0.003)	Loss 1.9356e+00 (1.9112e+00)	Acc@1  56.45 ( 56.50)	Acc@5  78.12 ( 78.94)
Epoch: [12][2500/2503]	Time  1.121 ( 1.209)	Data  0.000 ( 0.003)	Loss 1.8991e+00 (1.9121e+00)	Acc@1  55.86 ( 56.48)	Acc@5  78.91 ( 78.93)
Test: [  0/391]	Time  1.527 ( 1.527)	Loss 8.8640e-01 (8.8640e-01)	Acc@1  79.49 ( 79.49)	Acc@5  93.55 ( 93.55)
Test: [100/391]	Time  1.275 ( 1.371)	Loss 1.2100e+00 (1.3197e+00)	Acc@1  65.43 ( 65.79)	Acc@5  92.77 ( 88.45)
Test: [200/391]	Time  1.092 ( 1.378)	Loss 2.1178e+00 (1.4970e+00)	Acc@1  50.78 ( 62.92)	Acc@5  77.73 ( 85.87)
Test: [300/391]	Time  1.265 ( 1.367)	Loss 1.9135e+00 (1.6847e+00)	Acc@1  63.67 ( 59.86)	Acc@5  77.93 ( 82.91)
 * Acc@1 58.908 Acc@5 82.011
Epoch: [13][   0/2503]	Time  1.409 ( 1.409)	Data  1.228 ( 1.228)	Loss 1.9591e+00 (1.9591e+00)	Acc@1  57.42 ( 57.42)	Acc@5  76.95 ( 76.95)
Epoch: [13][ 100/2503]	Time  1.235 ( 1.074)	Data  0.000 ( 0.377)	Loss 1.7590e+00 (1.8711e+00)	Acc@1  58.01 ( 57.21)	Acc@5  83.01 ( 79.54)
Epoch: [13][ 200/2503]	Time  0.931 ( 1.078)	Data  0.000 ( 0.190)	Loss 1.9173e+00 (1.8863e+00)	Acc@1  55.86 ( 57.03)	Acc@5  78.32 ( 79.28)
Epoch: [13][ 300/2503]	Time  1.233 ( 1.084)	Data  0.000 ( 0.127)	Loss 1.8302e+00 (1.8863e+00)	Acc@1  55.08 ( 56.94)	Acc@5  80.08 ( 79.25)
Epoch: [13][ 400/2503]	Time  0.979 ( 1.094)	Data  0.000 ( 0.095)	Loss 1.9221e+00 (1.8903e+00)	Acc@1  58.20 ( 56.90)	Acc@5  80.66 ( 79.21)
Epoch: [13][ 500/2503]	Time  1.147 ( 1.095)	Data  0.000 ( 0.076)	Loss 1.7287e+00 (1.8927e+00)	Acc@1  58.79 ( 56.89)	Acc@5  82.42 ( 79.15)
Epoch: [13][ 600/2503]	Time  1.187 ( 1.090)	Data  0.000 ( 0.064)	Loss 1.9407e+00 (1.8934e+00)	Acc@1  55.27 ( 56.85)	Acc@5  77.15 ( 79.15)
Epoch: [13][ 700/2503]	Time  1.137 ( 1.088)	Data  0.000 ( 0.055)	Loss 1.9765e+00 (1.8938e+00)	Acc@1  56.84 ( 56.85)	Acc@5  77.93 ( 79.14)
Epoch: [13][ 800/2503]	Time  1.027 ( 1.091)	Data  0.000 ( 0.048)	Loss 1.9446e+00 (1.8936e+00)	Acc@1  57.81 ( 56.88)	Acc@5  78.12 ( 79.15)
Epoch: [13][ 900/2503]	Time  1.008 ( 1.090)	Data  0.000 ( 0.043)	Loss 2.0086e+00 (1.8962e+00)	Acc@1  53.32 ( 56.78)	Acc@5  78.32 ( 79.11)
Epoch: [13][1000/2503]	Time  1.055 ( 1.097)	Data  0.000 ( 0.038)	Loss 1.8953e+00 (1.8967e+00)	Acc@1  57.23 ( 56.76)	Acc@5  80.66 ( 79.12)
Epoch: [13][1100/2503]	Time  1.074 ( 1.102)	Data  0.000 ( 0.035)	Loss 1.9244e+00 (1.8972e+00)	Acc@1  57.62 ( 56.74)	Acc@5  80.08 ( 79.09)
Epoch: [13][1200/2503]	Time  0.961 ( 1.103)	Data  0.000 ( 0.032)	Loss 2.0855e+00 (1.8979e+00)	Acc@1  52.34 ( 56.75)	Acc@5  76.95 ( 79.09)
Epoch: [13][1300/2503]	Time  1.009 ( 1.108)	Data  0.000 ( 0.030)	Loss 1.8996e+00 (1.8996e+00)	Acc@1  56.05 ( 56.71)	Acc@5  78.32 ( 79.08)
Epoch: [13][1400/2503]	Time  1.229 ( 1.113)	Data  0.000 ( 0.027)	Loss 1.8545e+00 (1.9002e+00)	Acc@1  57.81 ( 56.70)	Acc@5  79.88 ( 79.07)
Epoch: [13][1500/2503]	Time  1.192 ( 1.120)	Data  0.000 ( 0.026)	Loss 1.9672e+00 (1.9011e+00)	Acc@1  55.08 ( 56.67)	Acc@5  77.73 ( 79.06)
Epoch: [13][1600/2503]	Time  1.250 ( 1.128)	Data  0.000 ( 0.024)	Loss 1.9977e+00 (1.9021e+00)	Acc@1  54.88 ( 56.64)	Acc@5  77.54 ( 79.05)
Epoch: [13][1700/2503]	Time  1.424 ( 1.134)	Data  0.000 ( 0.023)	Loss 1.8811e+00 (1.9025e+00)	Acc@1  55.86 ( 56.63)	Acc@5  80.08 ( 79.05)
Epoch: [13][1800/2503]	Time  1.191 ( 1.143)	Data  0.000 ( 0.021)	Loss 1.8093e+00 (1.9035e+00)	Acc@1  61.72 ( 56.62)	Acc@5  79.88 ( 79.03)
Epoch: [13][1900/2503]	Time  1.420 ( 1.155)	Data  0.000 ( 0.020)	Loss 1.9855e+00 (1.9043e+00)	Acc@1  54.69 ( 56.59)	Acc@5  77.34 ( 79.02)
Epoch: [13][2000/2503]	Time  1.380 ( 1.172)	Data  0.000 ( 0.019)	Loss 1.7974e+00 (1.9055e+00)	Acc@1  59.77 ( 56.58)	Acc@5  79.30 ( 79.00)
Epoch: [13][2100/2503]	Time  1.278 ( 1.185)	Data  0.000 ( 0.018)	Loss 1.8262e+00 (1.9058e+00)	Acc@1  55.08 ( 56.55)	Acc@5  79.69 ( 78.99)
Epoch: [13][2200/2503]	Time  1.058 ( 1.192)	Data  0.000 ( 0.018)	Loss 1.7160e+00 (1.9062e+00)	Acc@1  60.74 ( 56.54)	Acc@5  80.27 ( 78.99)
Epoch: [13][2300/2503]	Time  1.236 ( 1.197)	Data  0.000 ( 0.017)	Loss 1.9609e+00 (1.9064e+00)	Acc@1  57.62 ( 56.54)	Acc@5  79.30 ( 78.99)
Epoch: [13][2400/2503]	Time  1.557 ( 1.203)	Data  0.000 ( 0.016)	Loss 1.9893e+00 (1.9065e+00)	Acc@1  54.88 ( 56.54)	Acc@5  77.93 ( 78.99)
Epoch: [13][2500/2503]	Time  1.258 ( 1.207)	Data  0.000 ( 0.016)	Loss 1.8567e+00 (1.9071e+00)	Acc@1  58.20 ( 56.53)	Acc@5  78.52 ( 78.98)
Test: [  0/391]	Time  1.513 ( 1.513)	Loss 9.2498e-01 (9.2498e-01)	Acc@1  79.69 ( 79.69)	Acc@5  91.60 ( 91.60)
Test: [100/391]	Time  1.259 ( 1.370)	Loss 1.2942e+00 (1.3375e+00)	Acc@1  66.99 ( 65.95)	Acc@5  90.43 ( 88.20)
Test: [200/391]	Time  1.149 ( 1.376)	Loss 1.8216e+00 (1.4791e+00)	Acc@1  53.52 ( 63.60)	Acc@5  80.66 ( 86.14)
Test: [300/391]	Time  1.254 ( 1.365)	Loss 1.5512e+00 (1.6256e+00)	Acc@1  69.73 ( 61.07)	Acc@5  82.23 ( 83.74)
 * Acc@1 60.158 Acc@5 83.039
Epoch: [14][   0/2503]	Time  1.389 ( 1.389)	Data  1.214 ( 1.214)	Loss 1.8969e+00 (1.8969e+00)	Acc@1  57.42 ( 57.42)	Acc@5  80.47 ( 80.47)
Epoch: [14][ 100/2503]	Time  1.002 ( 1.040)	Data  0.000 ( 0.325)	Loss 1.8854e+00 (1.8911e+00)	Acc@1  53.12 ( 56.79)	Acc@5  79.69 ( 79.27)
Epoch: [14][ 200/2503]	Time  0.942 ( 1.049)	Data  0.000 ( 0.163)	Loss 1.7333e+00 (1.8825e+00)	Acc@1  62.30 ( 56.95)	Acc@5  80.27 ( 79.44)
Epoch: [14][ 300/2503]	Time  0.915 ( 1.052)	Data  0.000 ( 0.109)	Loss 1.9729e+00 (1.8830e+00)	Acc@1  55.08 ( 56.99)	Acc@5  77.15 ( 79.30)
Epoch: [14][ 400/2503]	Time  0.978 ( 1.052)	Data  0.000 ( 0.082)	Loss 2.0218e+00 (1.8865e+00)	Acc@1  54.69 ( 56.92)	Acc@5  76.17 ( 79.26)
Epoch: [14][ 500/2503]	Time  1.002 ( 1.053)	Data  0.000 ( 0.066)	Loss 1.9086e+00 (1.8848e+00)	Acc@1  56.25 ( 56.97)	Acc@5  78.91 ( 79.32)
Epoch: [14][ 600/2503]	Time  1.374 ( 1.055)	Data  0.000 ( 0.055)	Loss 1.9124e+00 (1.8878e+00)	Acc@1  57.23 ( 56.88)	Acc@5  77.34 ( 79.30)
Epoch: [14][ 700/2503]	Time  1.052 ( 1.058)	Data  0.000 ( 0.047)	Loss 1.7566e+00 (1.8901e+00)	Acc@1  59.57 ( 56.86)	Acc@5  82.42 ( 79.24)
Epoch: [14][ 800/2503]	Time  1.094 ( 1.071)	Data  0.000 ( 0.041)	Loss 1.9483e+00 (1.8888e+00)	Acc@1  55.27 ( 56.88)	Acc@5  77.73 ( 79.27)
Epoch: [14][ 900/2503]	Time  1.299 ( 1.084)	Data  0.000 ( 0.037)	Loss 1.8569e+00 (1.8883e+00)	Acc@1  58.40 ( 56.89)	Acc@5  79.10 ( 79.29)
Epoch: [14][1000/2503]	Time  1.220 ( 1.089)	Data  0.000 ( 0.033)	Loss 1.9661e+00 (1.8884e+00)	Acc@1  55.27 ( 56.91)	Acc@5  76.56 ( 79.28)
Epoch: [14][1100/2503]	Time  1.407 ( 1.091)	Data  0.000 ( 0.030)	Loss 1.9069e+00 (1.8889e+00)	Acc@1  57.81 ( 56.91)	Acc@5  79.88 ( 79.28)
Epoch: [14][1200/2503]	Time  1.043 ( 1.095)	Data  0.000 ( 0.028)	Loss 1.9831e+00 (1.8908e+00)	Acc@1  55.47 ( 56.88)	Acc@5  76.95 ( 79.25)
Epoch: [14][1300/2503]	Time  1.037 ( 1.097)	Data  0.000 ( 0.025)	Loss 1.9614e+00 (1.8915e+00)	Acc@1  56.05 ( 56.88)	Acc@5  78.71 ( 79.24)
Epoch: [14][1400/2503]	Time  1.213 ( 1.104)	Data  0.000 ( 0.024)	Loss 1.8224e+00 (1.8931e+00)	Acc@1  58.59 ( 56.86)	Acc@5  79.30 ( 79.20)
Epoch: [14][1500/2503]	Time  1.322 ( 1.118)	Data  0.000 ( 0.022)	Loss 1.8411e+00 (1.8934e+00)	Acc@1  58.98 ( 56.85)	Acc@5  80.86 ( 79.19)
Epoch: [14][1600/2503]	Time  1.331 ( 1.131)	Data  0.000 ( 0.021)	Loss 1.7344e+00 (1.8943e+00)	Acc@1  59.57 ( 56.84)	Acc@5  81.25 ( 79.19)
Epoch: [14][1700/2503]	Time  1.518 ( 1.144)	Data  0.000 ( 0.020)	Loss 1.9416e+00 (1.8942e+00)	Acc@1  56.05 ( 56.84)	Acc@5  79.10 ( 79.19)
Epoch: [14][1800/2503]	Time  1.454 ( 1.153)	Data  0.000 ( 0.018)	Loss 1.8379e+00 (1.8941e+00)	Acc@1  58.40 ( 56.84)	Acc@5  80.47 ( 79.19)
Epoch: [14][1900/2503]	Time  1.471 ( 1.167)	Data  0.000 ( 0.018)	Loss 1.9779e+00 (1.8940e+00)	Acc@1  54.10 ( 56.84)	Acc@5  77.34 ( 79.18)
Epoch: [14][2000/2503]	Time  1.454 ( 1.177)	Data  0.000 ( 0.017)	Loss 1.9183e+00 (1.8940e+00)	Acc@1  58.01 ( 56.83)	Acc@5  79.49 ( 79.18)
Epoch: [14][2100/2503]	Time  1.441 ( 1.191)	Data  0.000 ( 0.016)	Loss 2.0608e+00 (1.8936e+00)	Acc@1  53.12 ( 56.84)	Acc@5  78.52 ( 79.18)
Epoch: [14][2200/2503]	Time  1.554 ( 1.199)	Data  0.000 ( 0.015)	Loss 1.8788e+00 (1.8942e+00)	Acc@1  55.27 ( 56.82)	Acc@5  80.66 ( 79.18)
Epoch: [14][2300/2503]	Time  1.102 ( 1.204)	Data  0.000 ( 0.015)	Loss 1.8399e+00 (1.8945e+00)	Acc@1  56.64 ( 56.82)	Acc@5  79.10 ( 79.17)
Epoch: [14][2400/2503]	Time  1.515 ( 1.208)	Data  0.000 ( 0.014)	Loss 1.8129e+00 (1.8949e+00)	Acc@1  58.40 ( 56.81)	Acc@5  79.30 ( 79.17)
Epoch: [14][2500/2503]	Time  1.163 ( 1.212)	Data  0.000 ( 0.013)	Loss 1.8544e+00 (1.8954e+00)	Acc@1  57.42 ( 56.81)	Acc@5  79.69 ( 79.16)
Test: [  0/391]	Time  1.511 ( 1.511)	Loss 9.2123e-01 (9.2123e-01)	Acc@1  78.12 ( 78.12)	Acc@5  91.60 ( 91.60)
Test: [100/391]	Time  1.254 ( 1.379)	Loss 9.3127e-01 (1.3218e+00)	Acc@1  74.80 ( 66.18)	Acc@5  93.55 ( 88.37)
Test: [200/391]	Time  1.144 ( 1.388)	Loss 2.0143e+00 (1.4699e+00)	Acc@1  49.80 ( 63.72)	Acc@5  77.34 ( 86.35)
Test: [300/391]	Time  1.251 ( 1.377)	Loss 1.8339e+00 (1.6203e+00)	Acc@1  63.28 ( 61.21)	Acc@5  81.25 ( 83.87)
 * Acc@1 60.171 Acc@5 83.080
Epoch: [15][   0/2503]	Time  1.332 ( 1.332)	Data  1.158 ( 1.158)	Loss 1.8649e+00 (1.8649e+00)	Acc@1  58.59 ( 58.59)	Acc@5  79.49 ( 79.49)
Epoch: [15][ 100/2503]	Time  1.152 ( 1.026)	Data  0.000 ( 0.104)	Loss 1.8056e+00 (1.8687e+00)	Acc@1  57.42 ( 57.34)	Acc@5  80.47 ( 79.33)
Epoch: [15][ 200/2503]	Time  1.098 ( 1.030)	Data  0.000 ( 0.053)	Loss 1.9520e+00 (1.8737e+00)	Acc@1  57.42 ( 57.23)	Acc@5  78.32 ( 79.39)
Epoch: [15][ 300/2503]	Time  1.054 ( 1.043)	Data  0.000 ( 0.035)	Loss 1.7841e+00 (1.8753e+00)	Acc@1  58.20 ( 57.26)	Acc@5  80.47 ( 79.39)
Epoch: [15][ 400/2503]	Time  0.944 ( 1.046)	Data  0.000 ( 0.027)	Loss 1.8980e+00 (1.8747e+00)	Acc@1  55.08 ( 57.31)	Acc@5  77.73 ( 79.42)
Epoch: [15][ 500/2503]	Time  1.001 ( 1.054)	Data  0.000 ( 0.021)	Loss 1.7786e+00 (1.8756e+00)	Acc@1  58.79 ( 57.20)	Acc@5  80.47 ( 79.41)
Epoch: [15][ 600/2503]	Time  1.158 ( 1.052)	Data  0.000 ( 0.018)	Loss 1.9472e+00 (1.8752e+00)	Acc@1  55.08 ( 57.20)	Acc@5  79.49 ( 79.44)
Epoch: [15][ 700/2503]	Time  1.235 ( 1.053)	Data  0.000 ( 0.015)	Loss 1.8445e+00 (1.8769e+00)	Acc@1  58.40 ( 57.15)	Acc@5  82.81 ( 79.42)
Epoch: [15][ 800/2503]	Time  0.986 ( 1.056)	Data  0.000 ( 0.013)	Loss 1.7706e+00 (1.8768e+00)	Acc@1  60.74 ( 57.16)	Acc@5  81.05 ( 79.42)
Epoch: [15][ 900/2503]	Time  1.190 ( 1.058)	Data  0.000 ( 0.012)	Loss 1.7947e+00 (1.8788e+00)	Acc@1  57.81 ( 57.12)	Acc@5  80.27 ( 79.39)
Epoch: [15][1000/2503]	Time  1.131 ( 1.069)	Data  0.000 ( 0.011)	Loss 2.0378e+00 (1.8798e+00)	Acc@1  55.86 ( 57.12)	Acc@5  77.73 ( 79.37)
Epoch: [15][1100/2503]	Time  1.146 ( 1.081)	Data  0.000 ( 0.010)	Loss 1.8379e+00 (1.8794e+00)	Acc@1  54.88 ( 57.14)	Acc@5  81.05 ( 79.38)
Epoch: [15][1200/2503]	Time  1.672 ( 1.094)	Data  0.000 ( 0.009)	Loss 1.8653e+00 (1.8804e+00)	Acc@1  55.27 ( 57.13)	Acc@5  81.05 ( 79.36)
Epoch: [15][1300/2503]	Time  1.208 ( 1.104)	Data  0.000 ( 0.008)	Loss 2.0468e+00 (1.8823e+00)	Acc@1  51.56 ( 57.10)	Acc@5  76.17 ( 79.33)
Epoch: [15][1400/2503]	Time  1.297 ( 1.115)	Data  0.000 ( 0.008)	Loss 1.8524e+00 (1.8845e+00)	Acc@1  58.40 ( 57.07)	Acc@5  80.47 ( 79.30)
Epoch: [15][1500/2503]	Time  1.284 ( 1.128)	Data  0.000 ( 0.007)	Loss 1.7467e+00 (1.8849e+00)	Acc@1  58.98 ( 57.06)	Acc@5  80.86 ( 79.30)
Epoch: [15][1600/2503]	Time  1.274 ( 1.133)	Data  0.000 ( 0.007)	Loss 2.0488e+00 (1.8861e+00)	Acc@1  52.34 ( 57.04)	Acc@5  77.15 ( 79.28)
Epoch: [15][1700/2503]	Time  1.290 ( 1.141)	Data  0.000 ( 0.006)	Loss 1.7639e+00 (1.8865e+00)	Acc@1  60.55 ( 57.02)	Acc@5  81.45 ( 79.29)
Epoch: [15][1800/2503]	Time  1.293 ( 1.149)	Data  0.000 ( 0.006)	Loss 1.9085e+00 (1.8862e+00)	Acc@1  53.71 ( 57.03)	Acc@5  78.91 ( 79.29)
Epoch: [15][1900/2503]	Time  1.128 ( 1.153)	Data  0.000 ( 0.006)	Loss 1.8494e+00 (1.8869e+00)	Acc@1  58.98 ( 57.02)	Acc@5  80.66 ( 79.29)
Epoch: [15][2000/2503]	Time  1.490 ( 1.163)	Data  0.000 ( 0.006)	Loss 2.0047e+00 (1.8873e+00)	Acc@1  54.69 ( 57.00)	Acc@5  79.10 ( 79.28)
Epoch: [15][2100/2503]	Time  1.464 ( 1.172)	Data  0.000 ( 0.005)	Loss 1.9292e+00 (1.8876e+00)	Acc@1  55.47 ( 57.00)	Acc@5  79.30 ( 79.28)
Epoch: [15][2200/2503]	Time  1.809 ( 1.184)	Data  0.000 ( 0.005)	Loss 1.8887e+00 (1.8872e+00)	Acc@1  59.38 ( 57.01)	Acc@5  80.08 ( 79.29)
Epoch: [15][2300/2503]	Time  1.487 ( 1.194)	Data  0.000 ( 0.005)	Loss 1.9227e+00 (1.8877e+00)	Acc@1  55.08 ( 56.99)	Acc@5  79.10 ( 79.30)
Epoch: [15][2400/2503]	Time  1.198 ( 1.203)	Data  0.000 ( 0.005)	Loss 1.9522e+00 (1.8885e+00)	Acc@1  56.25 ( 56.98)	Acc@5  77.93 ( 79.28)
Epoch: [15][2500/2503]	Time  1.221 ( 1.208)	Data  0.000 ( 0.005)	Loss 1.7779e+00 (1.8878e+00)	Acc@1  61.72 ( 56.98)	Acc@5  80.66 ( 79.29)
Test: [  0/391]	Time  1.540 ( 1.540)	Loss 7.7666e-01 (7.7666e-01)	Acc@1  84.38 ( 84.38)	Acc@5  91.99 ( 91.99)
Test: [100/391]	Time  1.301 ( 1.381)	Loss 9.6099e-01 (1.2926e+00)	Acc@1  76.76 ( 66.64)	Acc@5  94.53 ( 88.76)
Test: [200/391]	Time  1.115 ( 1.386)	Loss 1.9468e+00 (1.4414e+00)	Acc@1  47.85 ( 64.22)	Acc@5  80.27 ( 86.75)
Test: [300/391]	Time  1.251 ( 1.372)	Loss 1.7176e+00 (1.5987e+00)	Acc@1  66.21 ( 61.60)	Acc@5  82.23 ( 84.14)
 * Acc@1 60.675 Acc@5 83.396
